

*******************************************************************************
Tue Jan 28 10:43:57 2020


FIT:    data read from "derivative_test.dat" using ($1):($2)
        format = x:z
        x range restricted to [-8.00000 : -1.00000]
        #datapoints = 24
        residuals are weighted equally (unit weight)

function used for fitting: f1(x)
	f1(x) = a1*x + b1
fitted parameters initialized with current variable values

iter      chisq       delta/lim  lambda   a1            b1           
   0 4.0946209373e+01   0.00e+00  3.55e+00    1.000000e+00   1.000000e+00
   4 2.9032681466e-03  -1.06e-02  3.55e-04    1.001881e+00  -2.977277e-01

After 4 iterations the fit converged.
final sum of squares of residuals : 0.00290327
rel. change during last iteration : -1.05728e-07

degrees of freedom    (FIT_NDF)                        : 22
rms of residuals      (FIT_STDFIT) = sqrt(WSSR/ndf)    : 0.0114877
variance of residuals (reduced chisquare) = WSSR/ndf   : 0.000131967

Final set of parameters            Asymptotic Standard Error
=======================            ==========================
a1              = 1.00188          +/- 0.001125     (0.1123%)
b1              = -0.297728        +/- 0.005542     (1.861%)

correlation matrix of the fit parameters:
                a1     b1     
a1              1.000 
b1              0.906  1.000 


*******************************************************************************
Tue Jan 28 10:44:21 2020


FIT:    data read from "derivative_test.dat" using ($1):($2)
        format = x:z
        x range restricted to [-8.00000 : -1.00000]
        #datapoints = 24
        residuals are weighted equally (unit weight)

function used for fitting: f1(x)
	f1(x) = a1*x + b1
fitted parameters initialized with current variable values

iter      chisq       delta/lim  lambda   a1            b1           
   0 2.9032681466e-03   0.00e+00  3.50e+00    1.001881e+00  -2.977277e-01
   1 2.9032681466e-03  -1.28e-09  3.50e-01    1.001881e+00  -2.977277e-01

After 1 iterations the fit converged.
final sum of squares of residuals : 0.00290327
rel. change during last iteration : -1.28464e-14

degrees of freedom    (FIT_NDF)                        : 22
rms of residuals      (FIT_STDFIT) = sqrt(WSSR/ndf)    : 0.0114877
variance of residuals (reduced chisquare) = WSSR/ndf   : 0.000131967

Final set of parameters            Asymptotic Standard Error
=======================            ==========================
a1              = 1.00188          +/- 0.001125     (0.1123%)
b1              = -0.297728        +/- 0.005542     (1.861%)

correlation matrix of the fit parameters:
                a1     b1     
a1              1.000 
b1              0.906  1.000 


*******************************************************************************
Tue Jan 28 10:44:29 2020


FIT:    data read from "derivative_test.dat" using ($1):($2)
        format = x:z
        x range restricted to [-8.00000 : -1.00000]
        #datapoints = 24
        residuals are weighted equally (unit weight)

function used for fitting: f1(x)
	f1(x) = a1*x + b1
fitted parameters initialized with current variable values

iter      chisq       delta/lim  lambda   a1            b1           
   0 2.9032681466e-03   0.00e+00  3.50e+00    1.001881e+00  -2.977277e-01
   1 2.9032681466e-03  -9.41e-10  3.50e-01    1.001881e+00  -2.977277e-01

After 1 iterations the fit converged.
final sum of squares of residuals : 0.00290327
rel. change during last iteration : -9.41074e-15

degrees of freedom    (FIT_NDF)                        : 22
rms of residuals      (FIT_STDFIT) = sqrt(WSSR/ndf)    : 0.0114877
variance of residuals (reduced chisquare) = WSSR/ndf   : 0.000131967

Final set of parameters            Asymptotic Standard Error
=======================            ==========================
a1              = 1.00188          +/- 0.001125     (0.1123%)
b1              = -0.297728        +/- 0.005542     (1.861%)

correlation matrix of the fit parameters:
                a1     b1     
a1              1.000 
b1              0.906  1.000 


*******************************************************************************
Tue Jan 28 10:50:06 2020


FIT:    data read from "derivative_test.dat" using ($1):($2)
        format = x:z
        x range restricted to [-8.00000 : -1.00000]
        #datapoints = 24
        residuals are weighted equally (unit weight)

function used for fitting: f1(x)
	f1(x) = a1*x + b1
fitted parameters initialized with current variable values

iter      chisq       delta/lim  lambda   a1            b1           
   0 4.0946209373e+01   0.00e+00  3.55e+00    1.000000e+00   1.000000e+00
   4 2.9032681466e-03  -1.06e-02  3.55e-04    1.001881e+00  -2.977277e-01

After 4 iterations the fit converged.
final sum of squares of residuals : 0.00290327
rel. change during last iteration : -1.05728e-07

degrees of freedom    (FIT_NDF)                        : 22
rms of residuals      (FIT_STDFIT) = sqrt(WSSR/ndf)    : 0.0114877
variance of residuals (reduced chisquare) = WSSR/ndf   : 0.000131967

Final set of parameters            Asymptotic Standard Error
=======================            ==========================
a1              = 1.00188          +/- 0.001125     (0.1123%)
b1              = -0.297728        +/- 0.005542     (1.861%)

correlation matrix of the fit parameters:
                a1     b1     
a1              1.000 
b1              0.906  1.000 


*******************************************************************************
Tue Jan 28 10:51:08 2020


FIT:    data read from "derivative_test.dat" using ($1):($2)
        format = x:z
        x range restricted to [-8.00000 : -1.00000]
        #datapoints = 24
        residuals are weighted equally (unit weight)

function used for fitting: f1(x)
	f1(x) = a1*x + b1
fitted parameters initialized with current variable values

iter      chisq       delta/lim  lambda   a1            b1           
   0 4.0946209373e+01   0.00e+00  3.55e+00    1.000000e+00   1.000000e+00
   4 2.9032681466e-03  -1.06e-02  3.55e-04    1.001881e+00  -2.977277e-01

After 4 iterations the fit converged.
final sum of squares of residuals : 0.00290327
rel. change during last iteration : -1.05728e-07

degrees of freedom    (FIT_NDF)                        : 22
rms of residuals      (FIT_STDFIT) = sqrt(WSSR/ndf)    : 0.0114877
variance of residuals (reduced chisquare) = WSSR/ndf   : 0.000131967

Final set of parameters            Asymptotic Standard Error
=======================            ==========================
a1              = 1.00188          +/- 0.001125     (0.1123%)
b1              = -0.297728        +/- 0.005542     (1.861%)

correlation matrix of the fit parameters:
                a1     b1     
a1              1.000 
b1              0.906  1.000 


*******************************************************************************
Tue Jan 28 10:51:49 2020


FIT:    data read from "derivative_test.dat" using ($1):($2)
        format = x:z
        x range restricted to [-8.00000 : -1.00000]
        #datapoints = 24
        residuals are weighted equally (unit weight)

function used for fitting: f1(x)
	f1(x) = a1*x + b1
fitted parameters initialized with current variable values

iter      chisq       delta/lim  lambda   a1            b1           
   0 4.0946209373e+01   0.00e+00  3.55e+00    1.000000e+00   1.000000e+00
   4 2.9032681466e-03  -1.06e-02  3.55e-04    1.001881e+00  -2.977277e-01

After 4 iterations the fit converged.
final sum of squares of residuals : 0.00290327
rel. change during last iteration : -1.05728e-07

degrees of freedom    (FIT_NDF)                        : 22
rms of residuals      (FIT_STDFIT) = sqrt(WSSR/ndf)    : 0.0114877
variance of residuals (reduced chisquare) = WSSR/ndf   : 0.000131967

Final set of parameters            Asymptotic Standard Error
=======================            ==========================
a1              = 1.00188          +/- 0.001125     (0.1123%)
b1              = -0.297728        +/- 0.005542     (1.861%)

correlation matrix of the fit parameters:
                a1     b1     
a1              1.000 
b1              0.906  1.000 


*******************************************************************************
Tue Jan 28 10:57:51 2020


FIT:    data read from "derivative_test.dat" using ($1):($2)
        format = x:z
        x range restricted to [-8.00000 : -1.00000]
        #datapoints = 24
        residuals are weighted equally (unit weight)

function used for fitting: f1(x)
	f1(x) = a1*x + b1
fitted parameters initialized with current variable values

iter      chisq       delta/lim  lambda   a1            b1           
   0 4.0946209373e+01   0.00e+00  3.55e+00    1.000000e+00   1.000000e+00
   4 2.9032681466e-03  -1.06e-02  3.55e-04    1.001881e+00  -2.977277e-01

After 4 iterations the fit converged.
final sum of squares of residuals : 0.00290327
rel. change during last iteration : -1.05728e-07

degrees of freedom    (FIT_NDF)                        : 22
rms of residuals      (FIT_STDFIT) = sqrt(WSSR/ndf)    : 0.0114877
variance of residuals (reduced chisquare) = WSSR/ndf   : 0.000131967

Final set of parameters            Asymptotic Standard Error
=======================            ==========================
a1              = 1.00188          +/- 0.001125     (0.1123%)
b1              = -0.297728        +/- 0.005542     (1.861%)

correlation matrix of the fit parameters:
                a1     b1     
a1              1.000 
b1              0.906  1.000 


*******************************************************************************
Tue Jan 28 10:57:51 2020


FIT:    data read from "derivative_test.dat" using ($1):($3)
        format = x:z
        x range restricted to [-8.00000 : -1.00000]
        #datapoints = 24
        residuals are weighted equally (unit weight)

function used for fitting: f1(x)
	f1(x) = a1*x + b1
fitted parameters initialized with current variable values

iter      chisq       delta/lim  lambda   a2            b2           
   0 3.4703466325e+02   0.00e+00  0.00e+00    1.000000e+00   1.000000e+00
BREAK: Singular matrix in Givens()

*******************************************************************************
Tue Jan 28 10:59:23 2020


FIT:    data read from "derivative_test.dat" using ($1):($2)
        format = x:z
        x range restricted to [-8.00000 : -1.00000]
        #datapoints = 24
        residuals are weighted equally (unit weight)

function used for fitting: f1(x)
	f1(x) = a1*x + b1
fitted parameters initialized with current variable values

iter      chisq       delta/lim  lambda   a1            b1           
   0 4.0946209373e+01   0.00e+00  3.55e+00    1.000000e+00   1.000000e+00
   4 2.9032681466e-03  -1.06e-02  3.55e-04    1.001881e+00  -2.977277e-01

After 4 iterations the fit converged.
final sum of squares of residuals : 0.00290327
rel. change during last iteration : -1.05728e-07

degrees of freedom    (FIT_NDF)                        : 22
rms of residuals      (FIT_STDFIT) = sqrt(WSSR/ndf)    : 0.0114877
variance of residuals (reduced chisquare) = WSSR/ndf   : 0.000131967

Final set of parameters            Asymptotic Standard Error
=======================            ==========================
a1              = 1.00188          +/- 0.001125     (0.1123%)
b1              = -0.297728        +/- 0.005542     (1.861%)

correlation matrix of the fit parameters:
                a1     b1     
a1              1.000 
b1              0.906  1.000 


*******************************************************************************
Tue Jan 28 10:59:23 2020


FIT:    data read from "derivative_test.dat" using ($1):($3)
        format = x:z
        x range restricted to [-8.00000 : -1.00000]
        #datapoints = 24
        residuals are weighted equally (unit weight)

function used for fitting: f1(x)
	f1(x) = a1*x + b1
fitted parameters initialized with current variable values

iter      chisq       delta/lim  lambda   a2            b2           
   0 3.4703466325e+02   0.00e+00  0.00e+00    1.000000e+00   1.000000e+00
BREAK: Singular matrix in Givens()

*******************************************************************************
Tue Jan 28 11:01:42 2020


FIT:    data read from "derivative_test.dat" using ($1):($2)
        format = x:z
        x range restricted to [-8.00000 : -1.00000]
        #datapoints = 24
        residuals are weighted equally (unit weight)

function used for fitting: f1(x)
	f1(x) = a1*x + b1
fitted parameters initialized with current variable values

iter      chisq       delta/lim  lambda   a1            b1           
   0 4.0946209373e+01   0.00e+00  3.55e+00    1.000000e+00   1.000000e+00
   4 2.9032681466e-03  -1.06e-02  3.55e-04    1.001881e+00  -2.977277e-01

After 4 iterations the fit converged.
final sum of squares of residuals : 0.00290327
rel. change during last iteration : -1.05728e-07

degrees of freedom    (FIT_NDF)                        : 22
rms of residuals      (FIT_STDFIT) = sqrt(WSSR/ndf)    : 0.0114877
variance of residuals (reduced chisquare) = WSSR/ndf   : 0.000131967

Final set of parameters            Asymptotic Standard Error
=======================            ==========================
a1              = 1.00188          +/- 0.001125     (0.1123%)
b1              = -0.297728        +/- 0.005542     (1.861%)

correlation matrix of the fit parameters:
                a1     b1     
a1              1.000 
b1              0.906  1.000 


*******************************************************************************
Tue Jan 28 11:01:42 2020


FIT:    data read from "derivative_test.dat" using ($1):($3)
        format = x:z
        x range restricted to [-5.00000 : -1.00000]
        #datapoints = 14
        residuals are weighted equally (unit weight)

function used for fitting: f1(x)
	f1(x) = a1*x + b1
fitted parameters initialized with current variable values

iter      chisq       delta/lim  lambda   a2            b2           
   0 2.4780277277e+02   0.00e+00  0.00e+00    1.000000e+00   1.000000e+00
BREAK: Singular matrix in Givens()

*******************************************************************************
Thu Jan 30 16:36:41 2020


FIT:    data read from "derivative_test.dat" using ($1):($2)
        format = x:z
        x range restricted to [-8.00000 : -1.00000]
        #datapoints = 24
        residuals are weighted equally (unit weight)

function used for fitting: f1(x)
	f1(x) = a1*x + b1
fitted parameters initialized with current variable values

iter      chisq       delta/lim  lambda   a1            b1           
   0 2.9032681466e-03   0.00e+00  3.50e+00    1.001881e+00  -2.977277e-01
   1 2.9032681466e-03  -1.28e-09  3.50e-01    1.001881e+00  -2.977277e-01

After 1 iterations the fit converged.
final sum of squares of residuals : 0.00290327
rel. change during last iteration : -1.28464e-14

degrees of freedom    (FIT_NDF)                        : 22
rms of residuals      (FIT_STDFIT) = sqrt(WSSR/ndf)    : 0.0114877
variance of residuals (reduced chisquare) = WSSR/ndf   : 0.000131967

Final set of parameters            Asymptotic Standard Error
=======================            ==========================
a1              = 1.00188          +/- 0.001125     (0.1123%)
b1              = -0.297728        +/- 0.005542     (1.861%)

correlation matrix of the fit parameters:
                a1     b1     
a1              1.000 
b1              0.906  1.000 


*******************************************************************************
Thu Jan 30 16:36:41 2020


FIT:    data read from "derivative_test.dat" using ($1):($3)
        format = x:z
        x range restricted to [-5.00000 : -1.00000]
        #datapoints = 14
        residuals are weighted equally (unit weight)

function used for fitting: f1(x)
	f1(x) = a1*x + b1
fitted parameters initialized with current variable values

iter      chisq       delta/lim  lambda   a2            b2           
   0 2.4780277277e+02   0.00e+00  0.00e+00    1.000000e+00   1.001000e+00
BREAK: Singular matrix in Givens()

*******************************************************************************
Thu Jan 30 16:37:25 2020


FIT:    data read from "derivative_test.dat" using ($1):($2)
        format = x:z
        x range restricted to [-8.00000 : -1.00000]
        #datapoints = 24
        residuals are weighted equally (unit weight)

function used for fitting: f1(x)
	f1(x) = a1*x + b1
fitted parameters initialized with current variable values

iter      chisq       delta/lim  lambda   a1            b1           
   0 4.0946209373e+01   0.00e+00  3.55e+00    1.000000e+00   1.000000e+00
   4 2.9032681466e-03  -1.06e-02  3.55e-04    1.001881e+00  -2.977277e-01

After 4 iterations the fit converged.
final sum of squares of residuals : 0.00290327
rel. change during last iteration : -1.05728e-07

degrees of freedom    (FIT_NDF)                        : 22
rms of residuals      (FIT_STDFIT) = sqrt(WSSR/ndf)    : 0.0114877
variance of residuals (reduced chisquare) = WSSR/ndf   : 0.000131967

Final set of parameters            Asymptotic Standard Error
=======================            ==========================
a1              = 1.00188          +/- 0.001125     (0.1123%)
b1              = -0.297728        +/- 0.005542     (1.861%)

correlation matrix of the fit parameters:
                a1     b1     
a1              1.000 
b1              0.906  1.000 


*******************************************************************************
Thu Jan 30 16:37:25 2020


FIT:    data read from "derivative_test.dat" using ($1):($3)
        format = x:z
        x range restricted to [-5.00000 : -1.00000]
        #datapoints = 14
        residuals are weighted equally (unit weight)

function used for fitting: f1(x)
	f1(x) = a1*x + b1
fitted parameters initialized with current variable values

iter      chisq       delta/lim  lambda   a2            b2           
   0 2.4780277277e+02   0.00e+00  0.00e+00    1.000000e+00   1.000000e+00
BREAK: Singular matrix in Givens()

*******************************************************************************
Thu Jan 30 16:41:58 2020


FIT:    data read from "derivative_test.dat" using ($1):($2)
        format = x:z
        x range restricted to [-8.00000 : -1.00000]
        #datapoints = 24
        residuals are weighted equally (unit weight)

function used for fitting: f1(x)
	f1(x) = a1*x + b1
fitted parameters initialized with current variable values

iter      chisq       delta/lim  lambda   a1            b1           
   0 4.0946209373e+01   0.00e+00  3.55e+00    1.000000e+00   1.000000e+00
   4 2.9032681466e-03  -1.06e-02  3.55e-04    1.001881e+00  -2.977277e-01

After 4 iterations the fit converged.
final sum of squares of residuals : 0.00290327
rel. change during last iteration : -1.05728e-07

degrees of freedom    (FIT_NDF)                        : 22
rms of residuals      (FIT_STDFIT) = sqrt(WSSR/ndf)    : 0.0114877
variance of residuals (reduced chisquare) = WSSR/ndf   : 0.000131967

Final set of parameters            Asymptotic Standard Error
=======================            ==========================
a1              = 1.00188          +/- 0.001125     (0.1123%)
b1              = -0.297728        +/- 0.005542     (1.861%)

correlation matrix of the fit parameters:
                a1     b1     
a1              1.000 
b1              0.906  1.000 


*******************************************************************************
Thu Jan 30 16:41:58 2020


FIT:    data read from "derivative_test.dat" using ($1):($3)
        format = x:z
        x range restricted to [-5.00000 : -1.00000]
        #datapoints = 14
        residuals are weighted equally (unit weight)

function used for fitting: f1(x)
	f1(x) = a1*x + b1
fitted parameters initialized with current variable values

iter      chisq       delta/lim  lambda   a2            b2           
   0 2.4780277277e+02   0.00e+00  0.00e+00    1.000000e+00   1.000000e+00
BREAK: Singular matrix in Givens()

*******************************************************************************
Thu Jan 30 16:43:55 2020


FIT:    data read from "derivative_test.dat" using ($1):($2)
        format = x:z
        x range restricted to [-8.00000 : -1.00000]
        #datapoints = 24
        residuals are weighted equally (unit weight)

function used for fitting: f1(x)
	f1(x) = a1*x + b1
fitted parameters initialized with current variable values

iter      chisq       delta/lim  lambda   a1            b1           
   0 4.0946209373e+01   0.00e+00  3.55e+00    1.000000e+00   1.000000e+00
   4 2.9032681466e-03  -1.06e-02  3.55e-04    1.001881e+00  -2.977277e-01

After 4 iterations the fit converged.
final sum of squares of residuals : 0.00290327
rel. change during last iteration : -1.05728e-07

degrees of freedom    (FIT_NDF)                        : 22
rms of residuals      (FIT_STDFIT) = sqrt(WSSR/ndf)    : 0.0114877
variance of residuals (reduced chisquare) = WSSR/ndf   : 0.000131967

Final set of parameters            Asymptotic Standard Error
=======================            ==========================
a1              = 1.00188          +/- 0.001125     (0.1123%)
b1              = -0.297728        +/- 0.005542     (1.861%)

correlation matrix of the fit parameters:
                a1     b1     
a1              1.000 
b1              0.906  1.000 


*******************************************************************************
Thu Jan 30 16:43:55 2020


FIT:    data read from "derivative_test.dat" using ($1):($3)
        format = x:z
        x range restricted to [-5.00000 : -1.00000]
        #datapoints = 14
        residuals are weighted equally (unit weight)

function used for fitting: f1(x)
	f1(x) = a1*x + b1
fitted parameters initialized with current variable values

iter      chisq       delta/lim  lambda   a2            b2           
   0 2.4780277277e+02   0.00e+00  0.00e+00    1.000000e+00   1.000000e+00
BREAK: Singular matrix in Givens()

*******************************************************************************
Thu Jan 30 16:45:12 2020


FIT:    data read from "derivative_test.dat" using ($1):($2)
        format = x:z
        x range restricted to [-8.00000 : -1.00000]
        #datapoints = 24
        residuals are weighted equally (unit weight)

function used for fitting: f1(x)
	f1(x) = a1*x + b1
fitted parameters initialized with current variable values

iter      chisq       delta/lim  lambda   a1            b1           
   0 4.0946209373e+01   0.00e+00  3.55e+00    1.000000e+00   1.000000e+00
   4 2.9032681466e-03  -1.06e-02  3.55e-04    1.001881e+00  -2.977277e-01

After 4 iterations the fit converged.
final sum of squares of residuals : 0.00290327
rel. change during last iteration : -1.05728e-07

degrees of freedom    (FIT_NDF)                        : 22
rms of residuals      (FIT_STDFIT) = sqrt(WSSR/ndf)    : 0.0114877
variance of residuals (reduced chisquare) = WSSR/ndf   : 0.000131967

Final set of parameters            Asymptotic Standard Error
=======================            ==========================
a1              = 1.00188          +/- 0.001125     (0.1123%)
b1              = -0.297728        +/- 0.005542     (1.861%)

correlation matrix of the fit parameters:
                a1     b1     
a1              1.000 
b1              0.906  1.000 


*******************************************************************************
Thu Jan 30 16:45:12 2020


FIT:    data read from "derivative_test.dat" using ($1):($3)
        format = x:z
        x range restricted to [-5.00000 : -1.00000]
        #datapoints = 14
        residuals are weighted equally (unit weight)

function used for fitting: f1(x)
	f1(x) = a1*x + b1
fitted parameters initialized with current variable values

iter      chisq       delta/lim  lambda   a2            b2           
   0 2.4780277277e+02   0.00e+00  0.00e+00    1.000000e+00   1.000000e+00
BREAK: Singular matrix in Givens()

*******************************************************************************
Thu Jan 30 16:47:25 2020


FIT:    data read from "derivative_test.dat" using ($1):($2)
        format = x:z
        x range restricted to [-8.00000 : -1.00000]
        #datapoints = 24
        residuals are weighted equally (unit weight)

function used for fitting: f1(x)
	f1(x) = a1*x + b1
fitted parameters initialized with current variable values

iter      chisq       delta/lim  lambda   a1            b1           
   0 4.0946209373e+01   0.00e+00  3.55e+00    1.000000e+00   1.000000e+00
   4 2.9032681466e-03  -1.06e-02  3.55e-04    1.001881e+00  -2.977277e-01

After 4 iterations the fit converged.
final sum of squares of residuals : 0.00290327
rel. change during last iteration : -1.05728e-07

degrees of freedom    (FIT_NDF)                        : 22
rms of residuals      (FIT_STDFIT) = sqrt(WSSR/ndf)    : 0.0114877
variance of residuals (reduced chisquare) = WSSR/ndf   : 0.000131967

Final set of parameters            Asymptotic Standard Error
=======================            ==========================
a1              = 1.00188          +/- 0.001125     (0.1123%)
b1              = -0.297728        +/- 0.005542     (1.861%)

correlation matrix of the fit parameters:
                a1     b1     
a1              1.000 
b1              0.906  1.000 


*******************************************************************************
Thu Jan 30 16:47:25 2020


FIT:    data read from "derivative_test.dat" using ($1):($3)
        format = x:z
        x range restricted to [-5.00000 : -1.00000]
        #datapoints = 14
        residuals are weighted equally (unit weight)

function used for fitting: f2(x)
	f2(x) = a2*x + b2
fitted parameters initialized with current variable values

iter      chisq       delta/lim  lambda   a2            b2           
   0 4.1872739676e+02   0.00e+00  2.37e+00    1.000000e+00   1.000000e+00
   4 9.2591078839e-03  -3.55e-03  2.37e-04    1.996831e+00  -1.386078e+00

After 4 iterations the fit converged.
final sum of squares of residuals : 0.00925911
rel. change during last iteration : -3.55436e-08

degrees of freedom    (FIT_NDF)                        : 12
rms of residuals      (FIT_STDFIT) = sqrt(WSSR/ndf)    : 0.0277776
variance of residuals (reduced chisquare) = WSSR/ndf   : 0.000771592

Final set of parameters            Asymptotic Standard Error
=======================            ==========================
a2              = 1.99683          +/- 0.006118     (0.3064%)
b2              = -1.38608         +/- 0.01955      (1.411%)

correlation matrix of the fit parameters:
                a2     b2     
a2              1.000 
b2              0.925  1.000 


*******************************************************************************
Thu Jan 30 16:47:25 2020


FIT:    data read from "derivative_test.dat" using ($1):($4)
        format = x:z
        x range restricted to [-2.00000 : -1.00000]
        #datapoints = 4
        residuals are weighted equally (unit weight)

function used for fitting: f3(x)
	f3(x) = a3*x + b3
fitted parameters initialized with current variable values

iter      chisq       delta/lim  lambda   a3            b3           
   0 3.4569350063e+02   0.00e+00  1.27e+00    1.000000e+00   1.000000e+00
   5 6.7829531384e-06  -4.13e-08  1.27e-02    4.004970e+00  -3.879392e+00

After 5 iterations the fit converged.
final sum of squares of residuals : 6.78295e-06
rel. change during last iteration : -4.13217e-13

degrees of freedom    (FIT_NDF)                        : 2
rms of residuals      (FIT_STDFIT) = sqrt(WSSR/ndf)    : 0.0018416
variance of residuals (reduced chisquare) = WSSR/ndf   : 3.39148e-06

Final set of parameters            Asymptotic Standard Error
=======================            ==========================
a3              = 4.00497          +/- 0.002736     (0.06831%)
b3              = -3.87939         +/- 0.004077     (0.1051%)

correlation matrix of the fit parameters:
                a3     b3     
a3              1.000 
b3              0.974  1.000 


*******************************************************************************
Fri Jan 31 10:29:18 2020


FIT:    data read from "derivative_test.dat" using ($1):($2)
        format = x:z
        x range restricted to [-8.00000 : -1.00000]
        #datapoints = 24
        residuals are weighted equally (unit weight)

function used for fitting: f1(x)
	f1(x) = a1*x + b1
fitted parameters initialized with current variable values

iter      chisq       delta/lim  lambda   a1            b1           
   0 4.0946209373e+01   0.00e+00  3.55e+00    1.000000e+00   1.000000e+00
   4 2.9032681466e-03  -1.06e-02  3.55e-04    1.001881e+00  -2.977277e-01

After 4 iterations the fit converged.
final sum of squares of residuals : 0.00290327
rel. change during last iteration : -1.05728e-07

degrees of freedom    (FIT_NDF)                        : 22
rms of residuals      (FIT_STDFIT) = sqrt(WSSR/ndf)    : 0.0114877
variance of residuals (reduced chisquare) = WSSR/ndf   : 0.000131967

Final set of parameters            Asymptotic Standard Error
=======================            ==========================
a1              = 1.00188          +/- 0.001125     (0.1123%)
b1              = -0.297728        +/- 0.005542     (1.861%)

correlation matrix of the fit parameters:
                a1     b1     
a1              1.000 
b1              0.906  1.000 


*******************************************************************************
Fri Jan 31 10:29:18 2020


FIT:    data read from "derivative_test.dat" using ($1):($3)
        format = x:z
        x range restricted to [-5.00000 : -1.00000]
        #datapoints = 14
        residuals are weighted equally (unit weight)

function used for fitting: f2(x)
	f2(x) = a2*x + b2
fitted parameters initialized with current variable values

iter      chisq       delta/lim  lambda   a2            b2           
   0 4.1872739676e+02   0.00e+00  2.37e+00    1.000000e+00   1.000000e+00
   4 9.2591078839e-03  -3.55e-03  2.37e-04    1.996831e+00  -1.386078e+00

After 4 iterations the fit converged.
final sum of squares of residuals : 0.00925911
rel. change during last iteration : -3.55436e-08

degrees of freedom    (FIT_NDF)                        : 12
rms of residuals      (FIT_STDFIT) = sqrt(WSSR/ndf)    : 0.0277776
variance of residuals (reduced chisquare) = WSSR/ndf   : 0.000771592

Final set of parameters            Asymptotic Standard Error
=======================            ==========================
a2              = 1.99683          +/- 0.006118     (0.3064%)
b2              = -1.38608         +/- 0.01955      (1.411%)

correlation matrix of the fit parameters:
                a2     b2     
a2              1.000 
b2              0.925  1.000 


*******************************************************************************
Fri Jan 31 10:29:18 2020


FIT:    data read from "derivative_test.dat" using ($1):($4)
        format = x:z
        x range restricted to [-2.00000 : -1.00000]
        #datapoints = 4
        residuals are weighted equally (unit weight)

function used for fitting: f3(x)
	f3(x) = a3*x + b3
fitted parameters initialized with current variable values

iter      chisq       delta/lim  lambda   a3            b3           
   0 3.4569350063e+02   0.00e+00  1.27e+00    1.000000e+00   1.000000e+00
   5 6.7829531384e-06  -4.13e-08  1.27e-02    4.004970e+00  -3.879392e+00

After 5 iterations the fit converged.
final sum of squares of residuals : 6.78295e-06
rel. change during last iteration : -4.13217e-13

degrees of freedom    (FIT_NDF)                        : 2
rms of residuals      (FIT_STDFIT) = sqrt(WSSR/ndf)    : 0.0018416
variance of residuals (reduced chisquare) = WSSR/ndf   : 3.39148e-06

Final set of parameters            Asymptotic Standard Error
=======================            ==========================
a3              = 4.00497          +/- 0.002736     (0.06831%)
b3              = -3.87939         +/- 0.004077     (0.1051%)

correlation matrix of the fit parameters:
                a3     b3     
a3              1.000 
b3              0.974  1.000 


*******************************************************************************
Fri Jan 31 10:31:03 2020


FIT:    data read from "derivative_test.dat" using ($1):($2)
        format = x:z
        x range restricted to [-8.00000 : -1.00000]
        #datapoints = 24
        residuals are weighted equally (unit weight)

function used for fitting: f1(x)
	f1(x) = a1*x + b1
fitted parameters initialized with current variable values

iter      chisq       delta/lim  lambda   a1            b1           
   0 4.0946209373e+01   0.00e+00  3.55e+00    1.000000e+00   1.000000e+00
   4 2.9032681466e-03  -1.06e-02  3.55e-04    1.001881e+00  -2.977277e-01

After 4 iterations the fit converged.
final sum of squares of residuals : 0.00290327
rel. change during last iteration : -1.05728e-07

degrees of freedom    (FIT_NDF)                        : 22
rms of residuals      (FIT_STDFIT) = sqrt(WSSR/ndf)    : 0.0114877
variance of residuals (reduced chisquare) = WSSR/ndf   : 0.000131967

Final set of parameters            Asymptotic Standard Error
=======================            ==========================
a1              = 1.00188          +/- 0.001125     (0.1123%)
b1              = -0.297728        +/- 0.005542     (1.861%)

correlation matrix of the fit parameters:
                a1     b1     
a1              1.000 
b1              0.906  1.000 


*******************************************************************************
Fri Jan 31 10:31:03 2020


FIT:    data read from "derivative_test.dat" using ($1):($3)
        format = x:z
        x range restricted to [-5.00000 : -1.00000]
        #datapoints = 14
        residuals are weighted equally (unit weight)

function used for fitting: f2(x)
	f2(x) = a2*x + b2
fitted parameters initialized with current variable values

iter      chisq       delta/lim  lambda   a2            b2           
   0 4.1872739676e+02   0.00e+00  2.37e+00    1.000000e+00   1.000000e+00
   4 9.2591078839e-03  -3.55e-03  2.37e-04    1.996831e+00  -1.386078e+00

After 4 iterations the fit converged.
final sum of squares of residuals : 0.00925911
rel. change during last iteration : -3.55436e-08

degrees of freedom    (FIT_NDF)                        : 12
rms of residuals      (FIT_STDFIT) = sqrt(WSSR/ndf)    : 0.0277776
variance of residuals (reduced chisquare) = WSSR/ndf   : 0.000771592

Final set of parameters            Asymptotic Standard Error
=======================            ==========================
a2              = 1.99683          +/- 0.006118     (0.3064%)
b2              = -1.38608         +/- 0.01955      (1.411%)

correlation matrix of the fit parameters:
                a2     b2     
a2              1.000 
b2              0.925  1.000 


*******************************************************************************
Fri Jan 31 10:31:03 2020


FIT:    data read from "derivative_test.dat" using ($1):($4)
        format = x:z
        x range restricted to [-2.00000 : -1.00000]
        #datapoints = 4
        residuals are weighted equally (unit weight)

function used for fitting: f3(x)
	f3(x) = a3*x + b3
fitted parameters initialized with current variable values

iter      chisq       delta/lim  lambda   a3            b3           
   0 3.4569350063e+02   0.00e+00  1.27e+00    1.000000e+00   1.000000e+00
   5 6.7829531384e-06  -4.13e-08  1.27e-02    4.004970e+00  -3.879392e+00

After 5 iterations the fit converged.
final sum of squares of residuals : 6.78295e-06
rel. change during last iteration : -4.13217e-13

degrees of freedom    (FIT_NDF)                        : 2
rms of residuals      (FIT_STDFIT) = sqrt(WSSR/ndf)    : 0.0018416
variance of residuals (reduced chisquare) = WSSR/ndf   : 3.39148e-06

Final set of parameters            Asymptotic Standard Error
=======================            ==========================
a3              = 4.00497          +/- 0.002736     (0.06831%)
b3              = -3.87939         +/- 0.004077     (0.1051%)

correlation matrix of the fit parameters:
                a3     b3     
a3              1.000 
b3              0.974  1.000 


*******************************************************************************
Mon Feb  3 15:05:34 2020


FIT:    data read from "derivative_test.dat" using ($1):($2)
        format = x:z
        x range restricted to [-8.00000 : -1.00000]
        #datapoints = 24
        residuals are weighted equally (unit weight)

function used for fitting: f1(x)
	f1(x) = a1*x + b1
fitted parameters initialized with current variable values

iter      chisq       delta/lim  lambda   a1            b1           
   0 8.5181027001e+01   0.00e+00  3.55e+00    1.000000e+00   1.000000e+00
   4 9.6194289308e-01  -7.56e-05  3.55e-04    9.732622e-01  -9.917379e-01

After 4 iterations the fit converged.
final sum of squares of residuals : 0.961943
rel. change during last iteration : -7.55817e-10

degrees of freedom    (FIT_NDF)                        : 22
rms of residuals      (FIT_STDFIT) = sqrt(WSSR/ndf)    : 0.209104
variance of residuals (reduced chisquare) = WSSR/ndf   : 0.0437247

Final set of parameters            Asymptotic Standard Error
=======================            ==========================
a1              = 0.973262         +/- 0.02048      (2.105%)
b1              = -0.991738        +/- 0.1009       (10.17%)

correlation matrix of the fit parameters:
                a1     b1     
a1              1.000 
b1              0.906  1.000 


*******************************************************************************
Mon Feb  3 15:05:34 2020


FIT:    data read from "derivative_test.dat" using ($1):($3)
        format = x:z
        x range restricted to [-5.00000 : -1.00000]
        #datapoints = 14
        residuals are weighted equally (unit weight)

function used for fitting: f2(x)
	f2(x) = a2*x + b2
fitted parameters initialized with current variable values

iter      chisq       delta/lim  lambda   a2            b2           
   0 6.0265520360e+02   0.00e+00  2.37e+00    1.000000e+00   1.000000e+00
   4 2.9824467188e+00  -3.31e-05  2.37e-04    1.872059e+00  -2.880217e+00

After 4 iterations the fit converged.
final sum of squares of residuals : 2.98245
rel. change during last iteration : -3.30677e-10

degrees of freedom    (FIT_NDF)                        : 12
rms of residuals      (FIT_STDFIT) = sqrt(WSSR/ndf)    : 0.498535
variance of residuals (reduced chisquare) = WSSR/ndf   : 0.248537

Final set of parameters            Asymptotic Standard Error
=======================            ==========================
a2              = 1.87206          +/- 0.1098       (5.865%)
b2              = -2.88022         +/- 0.3509       (12.18%)

correlation matrix of the fit parameters:
                a2     b2     
a2              1.000 
b2              0.925  1.000 


*******************************************************************************
Mon Feb  3 15:05:34 2020


FIT:    data read from "derivative_test.dat" using ($1):($4)
        format = x:z
        x range restricted to [-2.00000 : -1.00000]
        #datapoints = 4
        residuals are weighted equally (unit weight)

function used for fitting: f3(x)
	f3(x) = a3*x + b3
fitted parameters initialized with current variable values

iter      chisq       delta/lim  lambda   a3            b3           
   0 4.4467746965e+02   0.00e+00  1.27e+00    1.000000e+00   1.000000e+00
   4 2.0757072006e-03  -8.36e-01  1.27e-04    4.082087e+00  -5.018725e+00

After 4 iterations the fit converged.
final sum of squares of residuals : 0.00207571
rel. change during last iteration : -8.36066e-06

degrees of freedom    (FIT_NDF)                        : 2
rms of residuals      (FIT_STDFIT) = sqrt(WSSR/ndf)    : 0.0322157
variance of residuals (reduced chisquare) = WSSR/ndf   : 0.00103785

Final set of parameters            Asymptotic Standard Error
=======================            ==========================
a3              = 4.08209          +/- 0.04786      (1.172%)
b3              = -5.01872         +/- 0.07131      (1.421%)

correlation matrix of the fit parameters:
                a3     b3     
a3              1.000 
b3              0.974  1.000 


*******************************************************************************
Mon Feb  3 22:40:34 2020


FIT:    data read from "derivative_test.dat" using ($1):($2)
        format = x:z
        x range restricted to [-8.00000 : -1.00000]
        #datapoints = 24
        residuals are weighted equally (unit weight)

function used for fitting: f1(x)
	f1(x) = a1*x + b1
fitted parameters initialized with current variable values

iter      chisq       delta/lim  lambda   a1            b1           
   0 9.6194289308e-01   0.00e+00  3.46e+00    9.732622e-01  -9.917379e-01
   1 9.6194289308e-01  -8.08e-11  3.46e+01    9.732622e-01  -9.917379e-01

After 1 iterations the fit converged.
final sum of squares of residuals : 0.961943
rel. change during last iteration : -8.07903e-16

degrees of freedom    (FIT_NDF)                        : 22
rms of residuals      (FIT_STDFIT) = sqrt(WSSR/ndf)    : 0.209104
variance of residuals (reduced chisquare) = WSSR/ndf   : 0.0437247

Final set of parameters            Asymptotic Standard Error
=======================            ==========================
a1              = 0.973262         +/- 0.02048      (2.105%)
b1              = -0.991738        +/- 0.1009       (10.17%)

correlation matrix of the fit parameters:
                a1     b1     
a1              1.000 
b1              0.906  1.000 


*******************************************************************************
Mon Feb  3 22:40:34 2020


FIT:    data read from "derivative_test.dat" using ($1):($3)
        format = x:z
        x range restricted to [-5.00000 : -1.00000]
        #datapoints = 14
        residuals are weighted equally (unit weight)

function used for fitting: f2(x)
	f2(x) = a2*x + b2
fitted parameters initialized with current variable values

iter      chisq       delta/lim  lambda   a2            b2           
   0 2.9824467188e+00   0.00e+00  4.70e+00    1.872059e+00  -2.880217e+00
   1 2.9824467188e+00   0.00e+00  4.70e+02    1.872059e+00  -2.880217e+00

After 1 iterations the fit converged.
final sum of squares of residuals : 2.98245
rel. change during last iteration : 0

degrees of freedom    (FIT_NDF)                        : 12
rms of residuals      (FIT_STDFIT) = sqrt(WSSR/ndf)    : 0.498535
variance of residuals (reduced chisquare) = WSSR/ndf   : 0.248537

Final set of parameters            Asymptotic Standard Error
=======================            ==========================
a2              = 1.87206          +/- 0.1098       (5.865%)
b2              = -2.88022         +/- 0.3509       (12.18%)

correlation matrix of the fit parameters:
                a2     b2     
a2              1.000 
b2              0.925  1.000 


*******************************************************************************
Mon Feb  3 22:40:34 2020


FIT:    data read from "derivative_test.dat" using ($1):($4)
        format = x:z
        x range restricted to [-2.00000 : -1.00000]
        #datapoints = 4
        residuals are weighted equally (unit weight)

function used for fitting: f3(x)
	f3(x) = a3*x + b3
fitted parameters initialized with current variable values

iter      chisq       delta/lim  lambda   a3            b3           
   0 2.0757072006e-03   0.00e+00  5.58e+00    4.082087e+00  -5.018725e+00
   1 2.0757072006e-03  -5.66e-09  5.58e+00    4.082087e+00  -5.018725e+00

After 1 iterations the fit converged.
final sum of squares of residuals : 0.00207571
rel. change during last iteration : -5.66205e-14

degrees of freedom    (FIT_NDF)                        : 2
rms of residuals      (FIT_STDFIT) = sqrt(WSSR/ndf)    : 0.0322157
variance of residuals (reduced chisquare) = WSSR/ndf   : 0.00103785

Final set of parameters            Asymptotic Standard Error
=======================            ==========================
a3              = 4.08209          +/- 0.04786      (1.172%)
b3              = -5.01872         +/- 0.07131      (1.421%)

correlation matrix of the fit parameters:
                a3     b3     
a3              1.000 
b3              0.974  1.000 


*******************************************************************************
Mon Feb  3 22:41:54 2020


FIT:    data read from "derivative_test.dat" using ($1):($2)
        format = x:z
        x range restricted to [-7.00000 : -1.00000]
        #datapoints = 20
        residuals are weighted equally (unit weight)

function used for fitting: f1(x)
	f1(x) = a1*x + b1
fitted parameters initialized with current variable values

iter      chisq       delta/lim  lambda   a1            b1           
   0 7.2465059503e+01   0.00e+00  3.07e+00    1.000000e+00   1.000000e+00
   4 6.3046264788e-05  -6.95e-01  3.07e-04    9.996872e-01  -9.046909e-01

After 4 iterations the fit converged.
final sum of squares of residuals : 6.30463e-05
rel. change during last iteration : -6.95049e-06

degrees of freedom    (FIT_NDF)                        : 18
rms of residuals      (FIT_STDFIT) = sqrt(WSSR/ndf)    : 0.00187152
variance of residuals (reduced chisquare) = WSSR/ndf   : 3.50257e-06

Final set of parameters            Asymptotic Standard Error
=======================            ==========================
a1              = 0.999687         +/- 0.0002411    (0.02412%)
b1              = -0.904691        +/- 0.00102      (0.1128%)

correlation matrix of the fit parameters:
                a1     b1     
a1              1.000 
b1              0.912  1.000 


*******************************************************************************
Mon Feb  3 22:41:54 2020


FIT:    data read from "derivative_test.dat" using ($1):($3)
        format = x:z
        x range restricted to [-4.00000 : -1.00000]
        #datapoints = 10
        residuals are weighted equally (unit weight)

function used for fitting: f2(x)
	f2(x) = a2*x + b2
fitted parameters initialized with current variable values

iter      chisq       delta/lim  lambda   a2            b2           
   0 3.6011767842e+02   0.00e+00  1.91e+00    1.000000e+00   1.000000e+00
   5 1.2323982815e-05  -2.98e-08  1.91e-05    1.999140e+00  -2.585862e+00

After 5 iterations the fit converged.
final sum of squares of residuals : 1.2324e-05
rel. change during last iteration : -2.98015e-13

degrees of freedom    (FIT_NDF)                        : 8
rms of residuals      (FIT_STDFIT) = sqrt(WSSR/ndf)    : 0.00124117
variance of residuals (reduced chisquare) = WSSR/ndf   : 1.5405e-06

Final set of parameters            Asymptotic Standard Error
=======================            ==========================
a2              = 1.99914          +/- 0.0004539    (0.02271%)
b2              = -2.58586         +/- 0.001139     (0.04403%)

correlation matrix of the fit parameters:
                a2     b2     
a2              1.000 
b2              0.939  1.000 


*******************************************************************************
Mon Feb  3 22:41:54 2020


FIT:    data read from "derivative_test.dat" using ($1):($4)
        format = x:z
        x range restricted to [-2.00000 : -1.00000]
        #datapoints = 4
        residuals are weighted equally (unit weight)

function used for fitting: f3(x)
	f3(x) = a3*x + b3
fitted parameters initialized with current variable values

iter      chisq       delta/lim  lambda   a3            b3           
   0 4.4467746965e+02   0.00e+00  1.27e+00    1.000000e+00   1.000000e+00
   4 2.0757072006e-03  -8.36e-01  1.27e-04    4.082087e+00  -5.018725e+00

After 4 iterations the fit converged.
final sum of squares of residuals : 0.00207571
rel. change during last iteration : -8.36066e-06

degrees of freedom    (FIT_NDF)                        : 2
rms of residuals      (FIT_STDFIT) = sqrt(WSSR/ndf)    : 0.0322157
variance of residuals (reduced chisquare) = WSSR/ndf   : 0.00103785

Final set of parameters            Asymptotic Standard Error
=======================            ==========================
a3              = 4.08209          +/- 0.04786      (1.172%)
b3              = -5.01872         +/- 0.07131      (1.421%)

correlation matrix of the fit parameters:
                a3     b3     
a3              1.000 
b3              0.974  1.000 


*******************************************************************************
Mon Feb  3 22:42:38 2020


FIT:    data read from "derivative_test.dat" using ($1):($2)
        format = x:z
        x range restricted to [-7.00000 : -1.00000]
        #datapoints = 20
        residuals are weighted equally (unit weight)

function used for fitting: f1(x)
	f1(x) = a1*x + b1
fitted parameters initialized with current variable values

iter      chisq       delta/lim  lambda   a1            b1           
   0 7.2465059503e+01   0.00e+00  3.07e+00    1.000000e+00   1.000000e+00
   4 6.3046264788e-05  -6.95e-01  3.07e-04    9.996872e-01  -9.046909e-01

After 4 iterations the fit converged.
final sum of squares of residuals : 6.30463e-05
rel. change during last iteration : -6.95049e-06

degrees of freedom    (FIT_NDF)                        : 18
rms of residuals      (FIT_STDFIT) = sqrt(WSSR/ndf)    : 0.00187152
variance of residuals (reduced chisquare) = WSSR/ndf   : 3.50257e-06

Final set of parameters            Asymptotic Standard Error
=======================            ==========================
a1              = 0.999687         +/- 0.0002411    (0.02412%)
b1              = -0.904691        +/- 0.00102      (0.1128%)

correlation matrix of the fit parameters:
                a1     b1     
a1              1.000 
b1              0.912  1.000 


*******************************************************************************
Mon Feb  3 22:42:38 2020


FIT:    data read from "derivative_test.dat" using ($1):($3)
        format = x:z
        x range restricted to [-4.00000 : -1.00000]
        #datapoints = 10
        residuals are weighted equally (unit weight)

function used for fitting: f2(x)
	f2(x) = a2*x + b2
fitted parameters initialized with current variable values

iter      chisq       delta/lim  lambda   a2            b2           
   0 3.6011767842e+02   0.00e+00  1.91e+00    1.000000e+00   1.000000e+00
   5 1.2323982815e-05  -2.98e-08  1.91e-05    1.999140e+00  -2.585862e+00

After 5 iterations the fit converged.
final sum of squares of residuals : 1.2324e-05
rel. change during last iteration : -2.98015e-13

degrees of freedom    (FIT_NDF)                        : 8
rms of residuals      (FIT_STDFIT) = sqrt(WSSR/ndf)    : 0.00124117
variance of residuals (reduced chisquare) = WSSR/ndf   : 1.5405e-06

Final set of parameters            Asymptotic Standard Error
=======================            ==========================
a2              = 1.99914          +/- 0.0004539    (0.02271%)
b2              = -2.58586         +/- 0.001139     (0.04403%)

correlation matrix of the fit parameters:
                a2     b2     
a2              1.000 
b2              0.939  1.000 


*******************************************************************************
Mon Feb  3 22:42:38 2020


FIT:    data read from "derivative_test.dat" using ($1):($4)
        format = x:z
        x range restricted to [-2.00000 : -1.00000]
        #datapoints = 4
        residuals are weighted equally (unit weight)

function used for fitting: f3(x)
	f3(x) = a3*x + b3
fitted parameters initialized with current variable values

iter      chisq       delta/lim  lambda   a3            b3           
   0 4.4467746965e+02   0.00e+00  1.27e+00    1.000000e+00   1.000000e+00
   4 2.0757072006e-03  -8.36e-01  1.27e-04    4.082087e+00  -5.018725e+00

After 4 iterations the fit converged.
final sum of squares of residuals : 0.00207571
rel. change during last iteration : -8.36066e-06

degrees of freedom    (FIT_NDF)                        : 2
rms of residuals      (FIT_STDFIT) = sqrt(WSSR/ndf)    : 0.0322157
variance of residuals (reduced chisquare) = WSSR/ndf   : 0.00103785

Final set of parameters            Asymptotic Standard Error
=======================            ==========================
a3              = 4.08209          +/- 0.04786      (1.172%)
b3              = -5.01872         +/- 0.07131      (1.421%)

correlation matrix of the fit parameters:
                a3     b3     
a3              1.000 
b3              0.974  1.000 


*******************************************************************************
Tue Feb  4 00:31:14 2020


FIT:    data read from "derivative_test.dat" using ($1):($2)
        format = x:z
        x range restricted to [-7.00000 : -1.00000]
        #datapoints = 20
        residuals are weighted equally (unit weight)

function used for fitting: f1(x)
	f1(x) = a1*x + b1
fitted parameters initialized with current variable values

iter      chisq       delta/lim  lambda   a1            b1           
   0 7.2465059503e+01   0.00e+00  3.07e+00    1.000000e+00   1.000000e+00
   4 6.3046264788e-05  -6.95e-01  3.07e-04    9.996872e-01  -9.046909e-01

After 4 iterations the fit converged.
final sum of squares of residuals : 6.30463e-05
rel. change during last iteration : -6.95049e-06

degrees of freedom    (FIT_NDF)                        : 18
rms of residuals      (FIT_STDFIT) = sqrt(WSSR/ndf)    : 0.00187152
variance of residuals (reduced chisquare) = WSSR/ndf   : 3.50257e-06

Final set of parameters            Asymptotic Standard Error
=======================            ==========================
a1              = 0.999687         +/- 0.0002411    (0.02412%)
b1              = -0.904691        +/- 0.00102      (0.1128%)

correlation matrix of the fit parameters:
                a1     b1     
a1              1.000 
b1              0.912  1.000 


*******************************************************************************
Tue Feb  4 00:31:14 2020


FIT:    data read from "derivative_test.dat" using ($1):($3)
        format = x:z
        x range restricted to [-4.00000 : -1.00000]
        #datapoints = 10
        residuals are weighted equally (unit weight)

function used for fitting: f2(x)
	f2(x) = a2*x + b2
fitted parameters initialized with current variable values

iter      chisq       delta/lim  lambda   a2            b2           
   0 3.6011767842e+02   0.00e+00  1.91e+00    1.000000e+00   1.000000e+00
   5 1.2323982815e-05  -2.98e-08  1.91e-05    1.999140e+00  -2.585862e+00

After 5 iterations the fit converged.
final sum of squares of residuals : 1.2324e-05
rel. change during last iteration : -2.98015e-13

degrees of freedom    (FIT_NDF)                        : 8
rms of residuals      (FIT_STDFIT) = sqrt(WSSR/ndf)    : 0.00124117
variance of residuals (reduced chisquare) = WSSR/ndf   : 1.5405e-06

Final set of parameters            Asymptotic Standard Error
=======================            ==========================
a2              = 1.99914          +/- 0.0004539    (0.02271%)
b2              = -2.58586         +/- 0.001139     (0.04403%)

correlation matrix of the fit parameters:
                a2     b2     
a2              1.000 
b2              0.939  1.000 


*******************************************************************************
Tue Feb  4 00:31:14 2020


FIT:    data read from "derivative_test.dat" using ($1):($4)
        format = x:z
        x range restricted to [-2.00000 : -1.00000]
        #datapoints = 4
        residuals are weighted equally (unit weight)

function used for fitting: f3(x)
	f3(x) = a3*x + b3
fitted parameters initialized with current variable values

iter      chisq       delta/lim  lambda   a3            b3           
   0 4.4467746965e+02   0.00e+00  1.27e+00    1.000000e+00   1.000000e+00
   4 2.0757072006e-03  -8.36e-01  1.27e-04    4.082087e+00  -5.018725e+00

After 4 iterations the fit converged.
final sum of squares of residuals : 0.00207571
rel. change during last iteration : -8.36066e-06

degrees of freedom    (FIT_NDF)                        : 2
rms of residuals      (FIT_STDFIT) = sqrt(WSSR/ndf)    : 0.0322157
variance of residuals (reduced chisquare) = WSSR/ndf   : 0.00103785

Final set of parameters            Asymptotic Standard Error
=======================            ==========================
a3              = 4.08209          +/- 0.04786      (1.172%)
b3              = -5.01872         +/- 0.07131      (1.421%)

correlation matrix of the fit parameters:
                a3     b3     
a3              1.000 
b3              0.974  1.000 


*******************************************************************************
Tue Feb  4 00:31:30 2020


FIT:    data read from "derivative_test.dat" using ($1):($2)
        format = x:z
        x range restricted to [-7.00000 : -1.00000]
        #datapoints = 20
        residuals are weighted equally (unit weight)

function used for fitting: f1(x)
	f1(x) = a1*x + b1
fitted parameters initialized with current variable values

iter      chisq       delta/lim  lambda   a1            b1           
   0 6.3046264788e-05   0.00e+00  3.06e+00    9.996872e-01  -9.046909e-01
   1 6.3046264788e-05  -1.67e-08  3.06e-01    9.996872e-01  -9.046909e-01

After 1 iterations the fit converged.
final sum of squares of residuals : 6.30463e-05
rel. change during last iteration : -1.6681e-13

degrees of freedom    (FIT_NDF)                        : 18
rms of residuals      (FIT_STDFIT) = sqrt(WSSR/ndf)    : 0.00187152
variance of residuals (reduced chisquare) = WSSR/ndf   : 3.50257e-06

Final set of parameters            Asymptotic Standard Error
=======================            ==========================
a1              = 0.999687         +/- 0.0002411    (0.02412%)
b1              = -0.904691        +/- 0.00102      (0.1128%)

correlation matrix of the fit parameters:
                a1     b1     
a1              1.000 
b1              0.912  1.000 


*******************************************************************************
Tue Feb  4 00:31:30 2020


FIT:    data read from "derivative_test.dat" using ($1):($3)
        format = x:z
        x range restricted to [-4.00000 : -1.00000]
        #datapoints = 10
        residuals are weighted equally (unit weight)

function used for fitting: f2(x)
	f2(x) = a2*x + b2
fitted parameters initialized with current variable values

iter      chisq       delta/lim  lambda   a2            b2           
   0 1.2323982815e-05   0.00e+00  3.99e+00    1.999140e+00  -2.585862e+00
   1 1.2323982815e-05   0.00e+00  3.99e+00    1.999140e+00  -2.585862e+00

After 1 iterations the fit converged.
final sum of squares of residuals : 1.2324e-05
rel. change during last iteration : 0

degrees of freedom    (FIT_NDF)                        : 8
rms of residuals      (FIT_STDFIT) = sqrt(WSSR/ndf)    : 0.00124117
variance of residuals (reduced chisquare) = WSSR/ndf   : 1.5405e-06

Final set of parameters            Asymptotic Standard Error
=======================            ==========================
a2              = 1.99914          +/- 0.0004539    (0.02271%)
b2              = -2.58586         +/- 0.001139     (0.04403%)

correlation matrix of the fit parameters:
                a2     b2     
a2              1.000 
b2              0.939  1.000 


*******************************************************************************
Tue Feb  4 00:31:30 2020


FIT:    data read from "derivative_test.dat" using ($1):($4)
        format = x:z
        x range restricted to [-2.00000 : -1.00000]
        #datapoints = 4
        residuals are weighted equally (unit weight)

function used for fitting: f3(x)
	f3(x) = a3*x + b3
fitted parameters initialized with current variable values

iter      chisq       delta/lim  lambda   a3            b3           
   0 2.0757072006e-03   0.00e+00  5.58e+00    4.082087e+00  -5.018725e+00
   1 2.0757072006e-03  -5.66e-09  5.58e+00    4.082087e+00  -5.018725e+00

After 1 iterations the fit converged.
final sum of squares of residuals : 0.00207571
rel. change during last iteration : -5.66205e-14

degrees of freedom    (FIT_NDF)                        : 2
rms of residuals      (FIT_STDFIT) = sqrt(WSSR/ndf)    : 0.0322157
variance of residuals (reduced chisquare) = WSSR/ndf   : 0.00103785

Final set of parameters            Asymptotic Standard Error
=======================            ==========================
a3              = 4.08209          +/- 0.04786      (1.172%)
b3              = -5.01872         +/- 0.07131      (1.421%)

correlation matrix of the fit parameters:
                a3     b3     
a3              1.000 
b3              0.974  1.000 


*******************************************************************************
Tue Feb  4 09:20:50 2020


FIT:    data read from "eigen_test.dat" using ($1):($2)
        format = x:z
        x range restricted to [2.00000 : 4.00000]
        #datapoints = 4
        residuals are weighted equally (unit weight)

function used for fitting: f1(x)
	f1(x) = a1*x + b1
fitted parameters initialized with current variable values

iter      chisq       delta/lim  lambda   a1            b1           
   0 5.5929213750e+01   0.00e+00  1.96e+00    1.000000e+00   1.000000e+00
   5 2.1889688455e-02  -8.01e-07  1.96e-05    3.667676e+00  -9.455079e+00

After 5 iterations the fit converged.
final sum of squares of residuals : 0.0218897
rel. change during last iteration : -8.00615e-12

degrees of freedom    (FIT_NDF)                        : 2
rms of residuals      (FIT_STDFIT) = sqrt(WSSR/ndf)    : 0.104618
variance of residuals (reduced chisquare) = WSSR/ndf   : 0.0109448

Final set of parameters            Asymptotic Standard Error
=======================            ==========================
a1              = 3.66768          +/- 0.1554       (4.238%)
b1              = -9.45508         +/- 0.4011       (4.242%)

correlation matrix of the fit parameters:
                a1     b1     
a1              1.000 
b1             -0.991  1.000 


*******************************************************************************
Tue Feb  4 09:21:25 2020


FIT:    data read from "eigen_test.dat" using ($1):($2)
        format = x:z
        x range restricted to [2.00000 : 4.00000]
        #datapoints = 4
        residuals are weighted equally (unit weight)

function used for fitting: f1(x)
	f1(x) = a1*x + b1
fitted parameters initialized with current variable values

iter      chisq       delta/lim  lambda   a1            b1           
   0 5.5929213750e+01   0.00e+00  1.96e+00    1.000000e+00   1.000000e+00
   5 2.1889688455e-02  -8.01e-07  1.96e-05    3.667676e+00  -9.455079e+00

After 5 iterations the fit converged.
final sum of squares of residuals : 0.0218897
rel. change during last iteration : -8.00615e-12

degrees of freedom    (FIT_NDF)                        : 2
rms of residuals      (FIT_STDFIT) = sqrt(WSSR/ndf)    : 0.104618
variance of residuals (reduced chisquare) = WSSR/ndf   : 0.0109448

Final set of parameters            Asymptotic Standard Error
=======================            ==========================
a1              = 3.66768          +/- 0.1554       (4.238%)
b1              = -9.45508         +/- 0.4011       (4.242%)

correlation matrix of the fit parameters:
                a1     b1     
a1              1.000 
b1             -0.991  1.000 


*******************************************************************************
Tue Feb  4 09:24:30 2020


FIT:    data read from "eigen_test.dat" using ($1):($2)
        format = x:z
        x range restricted to [2.00000 : 4.00000]
        #datapoints = 4
        residuals are weighted equally (unit weight)

function used for fitting: f1(x)
	f1(x) = a1*x + b1
fitted parameters initialized with current variable values

iter      chisq       delta/lim  lambda   a1            b1           
   0 5.5929213750e+01   0.00e+00  1.96e+00    1.000000e+00   1.000000e+00
   5 2.1889688455e-02  -8.01e-07  1.96e-05    3.667676e+00  -9.455079e+00

After 5 iterations the fit converged.
final sum of squares of residuals : 0.0218897
rel. change during last iteration : -8.00615e-12

degrees of freedom    (FIT_NDF)                        : 2
rms of residuals      (FIT_STDFIT) = sqrt(WSSR/ndf)    : 0.104618
variance of residuals (reduced chisquare) = WSSR/ndf   : 0.0109448

Final set of parameters            Asymptotic Standard Error
=======================            ==========================
a1              = 3.66768          +/- 0.1554       (4.238%)
b1              = -9.45508         +/- 0.4011       (4.242%)

correlation matrix of the fit parameters:
                a1     b1     
a1              1.000 
b1             -0.991  1.000 


*******************************************************************************
Tue Feb  4 09:25:51 2020


FIT:    data read from "eigen_test.dat" using ($1):($2)
        format = x:z
        x range restricted to [2.00000 : 4.00000]
        #datapoints = 4
        residuals are weighted equally (unit weight)

function used for fitting: f1(x)
	f1(x) = a1*x + b1
fitted parameters initialized with current variable values

iter      chisq       delta/lim  lambda   a1            b1           
   0 5.5929213750e+01   0.00e+00  1.96e+00    1.000000e+00   1.000000e+00
   5 2.1889688455e-02  -8.01e-07  1.96e-05    3.667676e+00  -9.455079e+00

After 5 iterations the fit converged.
final sum of squares of residuals : 0.0218897
rel. change during last iteration : -8.00615e-12

degrees of freedom    (FIT_NDF)                        : 2
rms of residuals      (FIT_STDFIT) = sqrt(WSSR/ndf)    : 0.104618
variance of residuals (reduced chisquare) = WSSR/ndf   : 0.0109448

Final set of parameters            Asymptotic Standard Error
=======================            ==========================
a1              = 3.66768          +/- 0.1554       (4.238%)
b1              = -9.45508         +/- 0.4011       (4.242%)

correlation matrix of the fit parameters:
                a1     b1     
a1              1.000 
b1             -0.991  1.000 


*******************************************************************************
Tue Feb  4 09:31:24 2020


FIT:    data read from "eigen_test.dat" using ($1):($2)
        format = x:z
        x range restricted to [2.00000 : 4.00000]
        #datapoints = 4
        residuals are weighted equally (unit weight)

function used for fitting: f1(x)
	f1(x) = a1*x
fitted parameters initialized with current variable values

iter      chisq       delta/lim  lambda   a1           
   0 3.0896026548e+01   0.00e+00  2.58e+00    1.000000e+00
   3 6.1034213354e+00  -1.01e-01  2.58e-03    3.533252e-02

After 3 iterations the fit converged.
final sum of squares of residuals : 6.10342
rel. change during last iteration : -1.01046e-06

degrees of freedom    (FIT_NDF)                        : 3
rms of residuals      (FIT_STDFIT) = sqrt(WSSR/ndf)    : 1.42635
variance of residuals (reduced chisquare) = WSSR/ndf   : 2.03447

Final set of parameters            Asymptotic Standard Error
=======================            ==========================
a1              = 0.0353325        +/- 0.2763       (782.1%)


*******************************************************************************
Tue Feb  4 09:32:29 2020


FIT:    data read from "eigen_test.dat" using ($1):($2)
        format = x:z
        x range restricted to [2.00000 : 4.00000]
        #datapoints = 4
        residuals are weighted equally (unit weight)

function used for fitting: f1(x)
	f1(x) = a1*x + b
fitted parameters initialized with current variable values



*******************************************************************************
Tue Feb  4 09:32:41 2020


FIT:    data read from "eigen_test.dat" using ($1):($2)
        format = x:z
        x range restricted to [2.00000 : 4.00000]
        #datapoints = 4
        residuals are weighted equally (unit weight)

function used for fitting: f1(x)
	f1(x) = a1*x + b1
fitted parameters initialized with current variable values

iter      chisq       delta/lim  lambda   a1            b1           
   0 5.5929213750e+01   0.00e+00  1.96e+00    1.000000e+00   1.000000e+00
   5 2.1889688455e-02  -8.01e-07  1.96e-05    3.667676e+00  -9.455079e+00

After 5 iterations the fit converged.
final sum of squares of residuals : 0.0218897
rel. change during last iteration : -8.00615e-12

degrees of freedom    (FIT_NDF)                        : 2
rms of residuals      (FIT_STDFIT) = sqrt(WSSR/ndf)    : 0.104618
variance of residuals (reduced chisquare) = WSSR/ndf   : 0.0109448

Final set of parameters            Asymptotic Standard Error
=======================            ==========================
a1              = 3.66768          +/- 0.1554       (4.238%)
b1              = -9.45508         +/- 0.4011       (4.242%)

correlation matrix of the fit parameters:
                a1     b1     
a1              1.000 
b1             -0.991  1.000 


*******************************************************************************
Tue Feb  4 09:32:58 2020


FIT:    data read from "eigen_test.dat" using ($1):($2)
        format = x:z
        x range restricted to [2.00000 : 4.00000]
        #datapoints = 4
        residuals are weighted equally (unit weight)

function used for fitting: f1(x)
	f1(x) = a1*x + b1
fitted parameters initialized with current variable values

iter      chisq       delta/lim  lambda   a1            b1           
   0 5.5929213750e+01   0.00e+00  1.96e+00    1.000000e+00   1.000000e+00
   5 2.1889688455e-02  -8.01e-07  1.96e-05    3.667676e+00  -9.455079e+00

After 5 iterations the fit converged.
final sum of squares of residuals : 0.0218897
rel. change during last iteration : -8.00615e-12

degrees of freedom    (FIT_NDF)                        : 2
rms of residuals      (FIT_STDFIT) = sqrt(WSSR/ndf)    : 0.104618
variance of residuals (reduced chisquare) = WSSR/ndf   : 0.0109448

Final set of parameters            Asymptotic Standard Error
=======================            ==========================
a1              = 3.66768          +/- 0.1554       (4.238%)
b1              = -9.45508         +/- 0.4011       (4.242%)

correlation matrix of the fit parameters:
                a1     b1     
a1              1.000 
b1             -0.991  1.000 
