

*******************************************************************************
Tue Mar 31 15:25:07 2020


FIT:    data read from "derivative_test.dat" using ($1):($2)
        format = x:z
        x range restricted to [-7.00000 : -1.00000]
        #datapoints = 20
        residuals are weighted equally (unit weight)

function used for fitting: f1(x)
	f1(x) = a1*x + b1
fitted parameters initialized with current variable values

iter      chisq       delta/lim  lambda   a1            b1           
   0 3.3898237347e+01   0.00e+00  3.20e+00    1.000000e+00   1.000000e+00
   4 6.1468362857e-05  -6.41e-01  3.20e-04    9.991837e-01  -3.052034e-01

After 4 iterations the fit converged.
final sum of squares of residuals : 6.14684e-05
rel. change during last iteration : -6.4141e-06

degrees of freedom    (FIT_NDF)                        : 18
rms of residuals      (FIT_STDFIT) = sqrt(WSSR/ndf)    : 0.00184795
variance of residuals (reduced chisquare) = WSSR/ndf   : 3.41491e-06

Final set of parameters            Asymptotic Standard Error
=======================            ==========================
a1              = 0.999184         +/- 0.0002381    (0.02382%)
b1              = -0.305203        +/- 0.001052     (0.3447%)

correlation matrix of the fit parameters:
                a1     b1     
a1              1.000 
b1              0.920  1.000 


*******************************************************************************
Tue Mar 31 15:25:07 2020


FIT:    data read from "derivative_test.dat" using ($1):($3)
        format = x:z
        x range restricted to [-4.00000 : -1.00000]
        #datapoints = 10
        residuals are weighted equally (unit weight)

function used for fitting: f2(x)
	f2(x) = a2*x + b2
fitted parameters initialized with current variable values

iter      chisq       delta/lim  lambda   a2            b2           
   0 2.5141812834e+02   0.00e+00  2.04e+00    1.000000e+00   1.000000e+00
   5 2.6813885970e-07   0.00e+00  2.04e+02    2.000125e+00  -1.379955e+00

After 5 iterations the fit converged.
final sum of squares of residuals : 2.68139e-07
rel. change during last iteration : 0

degrees of freedom    (FIT_NDF)                        : 8
rms of residuals      (FIT_STDFIT) = sqrt(WSSR/ndf)    : 0.000183077
variance of residuals (reduced chisquare) = WSSR/ndf   : 3.35174e-08

Final set of parameters            Asymptotic Standard Error
=======================            ==========================
a2              = 2.00013          +/- 6.696e-05    (0.003348%)
b2              = -1.37995         +/- 0.0001808    (0.01311%)

correlation matrix of the fit parameters:
                a2     b2     
a2              1.000 
b2              0.947  1.000 


*******************************************************************************
Tue Mar 31 15:25:07 2020


FIT:    data read from "derivative_test.dat" using ($1):($4)
        format = x:z
        x range restricted to [-2.00000 : -1.00000]
        #datapoints = 3
        residuals are weighted equally (unit weight)

function used for fitting: f3(x)
	f3(x) = a3*x + b3
fitted parameters initialized with current variable values

iter      chisq       delta/lim  lambda   a3            b3           
   0 2.6676866442e+02   0.00e+00  1.29e+00    1.000000e+00   1.000000e+00
   5 6.1351528439e-08  -2.29e-04  1.29e-05    4.001008e+00  -3.884033e+00

After 5 iterations the fit converged.
final sum of squares of residuals : 6.13515e-08
rel. change during last iteration : -2.29218e-09

degrees of freedom    (FIT_NDF)                        : 1
rms of residuals      (FIT_STDFIT) = sqrt(WSSR/ndf)    : 0.000247692
variance of residuals (reduced chisquare) = WSSR/ndf   : 6.13515e-08

Final set of parameters            Asymptotic Standard Error
=======================            ==========================
a3              = 4.00101          +/- 0.0005818    (0.01454%)
b3              = -3.88403         +/- 0.0008873    (0.02285%)

correlation matrix of the fit parameters:
                a3     b3     
a3              1.000 
b3              0.987  1.000 


*******************************************************************************
Tue Mar 31 15:25:07 2020


FIT:    data read from "derivative_test.dat" using ($1):($5)
        format = x:z
        x range restricted to [-2.00000 : -1.00000]
        #datapoints = 3
        residuals are weighted equally (unit weight)

function used for fitting: f4(x)
	f4(x) = a4*x + b4
fitted parameters initialized with current variable values

iter      chisq       delta/lim  lambda   a4            b4           
   0 6.3576018925e+02   0.00e+00  1.29e+00    1.000000e+00   1.000000e+00
   4 1.7979964925e+00  -3.37e-01  1.29e-04   -7.924812e-01  -1.622815e+01

After 4 iterations the fit converged.
final sum of squares of residuals : 1.798
rel. change during last iteration : -3.36572e-06

degrees of freedom    (FIT_NDF)                        : 1
rms of residuals      (FIT_STDFIT) = sqrt(WSSR/ndf)    : 1.34089
variance of residuals (reduced chisquare) = WSSR/ndf   : 1.798

Final set of parameters            Asymptotic Standard Error
=======================            ==========================
a4              = -0.792481        +/- 3.15         (397.4%)
b4              = -16.2282         +/- 4.804        (29.6%)

correlation matrix of the fit parameters:
                a4     b4     
a4              1.000 
b4              0.987  1.000 


*******************************************************************************
Tue Mar 31 15:25:19 2020


FIT:    data read from "derivative_test.dat" using ($1):($2)
        format = x:z
        x range restricted to [-7.00000 : -1.00000]
        #datapoints = 20
        residuals are weighted equally (unit weight)

function used for fitting: f1(x)
	f1(x) = a1*x + b1
fitted parameters initialized with current variable values

iter      chisq       delta/lim  lambda   a1            b1           
   0 6.1468362857e-05   0.00e+00  3.13e+00    9.991837e-01  -3.052034e-01
   1 6.1468362857e-05  -7.41e-09  3.13e-01    9.991837e-01  -3.052034e-01

After 1 iterations the fit converged.
final sum of squares of residuals : 6.14684e-05
rel. change during last iteration : -7.40812e-14

degrees of freedom    (FIT_NDF)                        : 18
rms of residuals      (FIT_STDFIT) = sqrt(WSSR/ndf)    : 0.00184795
variance of residuals (reduced chisquare) = WSSR/ndf   : 3.41491e-06

Final set of parameters            Asymptotic Standard Error
=======================            ==========================
a1              = 0.999184         +/- 0.0002381    (0.02382%)
b1              = -0.305203        +/- 0.001052     (0.3447%)

correlation matrix of the fit parameters:
                a1     b1     
a1              1.000 
b1              0.920  1.000 


*******************************************************************************
Tue Mar 31 15:25:19 2020


FIT:    data read from "derivative_test.dat" using ($1):($3)
        format = x:z
        x range restricted to [-4.00000 : -1.00000]
        #datapoints = 10
        residuals are weighted equally (unit weight)

function used for fitting: f2(x)
	f2(x) = a2*x + b2
fitted parameters initialized with current variable values

iter      chisq       delta/lim  lambda   a2            b2           
   0 2.6813885970e-07   0.00e+00  3.94e+00    2.000125e+00  -1.379955e+00
   1 2.6813885970e-07  -1.86e-07  3.94e-01    2.000125e+00  -1.379955e+00

After 1 iterations the fit converged.
final sum of squares of residuals : 2.68139e-07
rel. change during last iteration : -1.85666e-12

degrees of freedom    (FIT_NDF)                        : 8
rms of residuals      (FIT_STDFIT) = sqrt(WSSR/ndf)    : 0.000183077
variance of residuals (reduced chisquare) = WSSR/ndf   : 3.35174e-08

Final set of parameters            Asymptotic Standard Error
=======================            ==========================
a2              = 2.00013          +/- 6.696e-05    (0.003348%)
b2              = -1.37995         +/- 0.0001808    (0.01311%)

correlation matrix of the fit parameters:
                a2     b2     
a2              1.000 
b2              0.947  1.000 


*******************************************************************************
Tue Mar 31 15:25:19 2020


FIT:    data read from "derivative_test.dat" using ($1):($4)
        format = x:z
        x range restricted to [-2.00000 : -1.00000]
        #datapoints = 3
        residuals are weighted equally (unit weight)

function used for fitting: f3(x)
	f3(x) = a3*x + b3
fitted parameters initialized with current variable values

iter      chisq       delta/lim  lambda   a3            b3           
   0 6.1351528439e-08   0.00e+00  5.11e+00    4.001008e+00  -3.884033e+00
   1 6.1351528439e-08  -5.86e-07  5.11e-01    4.001008e+00  -3.884033e+00

After 1 iterations the fit converged.
final sum of squares of residuals : 6.13515e-08
rel. change during last iteration : -5.85578e-12

degrees of freedom    (FIT_NDF)                        : 1
rms of residuals      (FIT_STDFIT) = sqrt(WSSR/ndf)    : 0.000247692
variance of residuals (reduced chisquare) = WSSR/ndf   : 6.13515e-08

Final set of parameters            Asymptotic Standard Error
=======================            ==========================
a3              = 4.00101          +/- 0.0005818    (0.01454%)
b3              = -3.88403         +/- 0.0008873    (0.02285%)

correlation matrix of the fit parameters:
                a3     b3     
a3              1.000 
b3              0.987  1.000 


*******************************************************************************
Tue Mar 31 15:25:19 2020


FIT:    data read from "derivative_test.dat" using ($1):($5)
        format = x:z
        x range restricted to [-2.00000 : -1.00000]
        #datapoints = 3
        residuals are weighted equally (unit weight)

function used for fitting: f4(x)
	f4(x) = a4*x + b4
fitted parameters initialized with current variable values

iter      chisq       delta/lim  lambda   a4            b4           
   0 1.7979964925e+00   0.00e+00  1.15e+01   -7.924812e-01  -1.622815e+01
   1 1.7979964925e+00  -1.23e-10  1.15e+00   -7.924812e-01  -1.622815e+01

After 1 iterations the fit converged.
final sum of squares of residuals : 1.798
rel. change during last iteration : -1.23496e-15

degrees of freedom    (FIT_NDF)                        : 1
rms of residuals      (FIT_STDFIT) = sqrt(WSSR/ndf)    : 1.34089
variance of residuals (reduced chisquare) = WSSR/ndf   : 1.798

Final set of parameters            Asymptotic Standard Error
=======================            ==========================
a4              = -0.792481        +/- 3.15         (397.4%)
b4              = -16.2282         +/- 4.804        (29.6%)

correlation matrix of the fit parameters:
                a4     b4     
a4              1.000 
b4              0.987  1.000 


*******************************************************************************
Tue Mar 31 15:25:38 2020


FIT:    data read from "derivative_test.dat" using ($1):($2)
        format = x:z
        x range restricted to [-7.00000 : -1.00000]
        #datapoints = 20
        residuals are weighted equally (unit weight)

function used for fitting: f1(x)
	f1(x) = a1*x + b1
fitted parameters initialized with current variable values

iter      chisq       delta/lim  lambda   a1            b1           
   0 3.3898237347e+01   0.00e+00  3.20e+00    1.000000e+00   1.000000e+00
   4 6.1468362857e-05  -6.41e-01  3.20e-04    9.991837e-01  -3.052034e-01

After 4 iterations the fit converged.
final sum of squares of residuals : 6.14684e-05
rel. change during last iteration : -6.4141e-06

degrees of freedom    (FIT_NDF)                        : 18
rms of residuals      (FIT_STDFIT) = sqrt(WSSR/ndf)    : 0.00184795
variance of residuals (reduced chisquare) = WSSR/ndf   : 3.41491e-06

Final set of parameters            Asymptotic Standard Error
=======================            ==========================
a1              = 0.999184         +/- 0.0002381    (0.02382%)
b1              = -0.305203        +/- 0.001052     (0.3447%)

correlation matrix of the fit parameters:
                a1     b1     
a1              1.000 
b1              0.920  1.000 


*******************************************************************************
Tue Mar 31 15:25:38 2020


FIT:    data read from "derivative_test.dat" using ($1):($3)
        format = x:z
        x range restricted to [-4.00000 : -1.00000]
        #datapoints = 10
        residuals are weighted equally (unit weight)

function used for fitting: f2(x)
	f2(x) = a2*x + b2
fitted parameters initialized with current variable values

iter      chisq       delta/lim  lambda   a2            b2           
   0 2.5141812834e+02   0.00e+00  2.04e+00    1.000000e+00   1.000000e+00
   5 2.6813885970e-07   0.00e+00  2.04e+02    2.000125e+00  -1.379955e+00

After 5 iterations the fit converged.
final sum of squares of residuals : 2.68139e-07
rel. change during last iteration : 0

degrees of freedom    (FIT_NDF)                        : 8
rms of residuals      (FIT_STDFIT) = sqrt(WSSR/ndf)    : 0.000183077
variance of residuals (reduced chisquare) = WSSR/ndf   : 3.35174e-08

Final set of parameters            Asymptotic Standard Error
=======================            ==========================
a2              = 2.00013          +/- 6.696e-05    (0.003348%)
b2              = -1.37995         +/- 0.0001808    (0.01311%)

correlation matrix of the fit parameters:
                a2     b2     
a2              1.000 
b2              0.947  1.000 


*******************************************************************************
Tue Mar 31 15:25:38 2020


FIT:    data read from "derivative_test.dat" using ($1):($4)
        format = x:z
        x range restricted to [-2.00000 : -1.00000]
        #datapoints = 3
        residuals are weighted equally (unit weight)

function used for fitting: f3(x)
	f3(x) = a3*x + b3
fitted parameters initialized with current variable values

iter      chisq       delta/lim  lambda   a3            b3           
   0 2.6676866442e+02   0.00e+00  1.29e+00    1.000000e+00   1.000000e+00
   5 6.1351528439e-08  -2.29e-04  1.29e-05    4.001008e+00  -3.884033e+00

After 5 iterations the fit converged.
final sum of squares of residuals : 6.13515e-08
rel. change during last iteration : -2.29218e-09

degrees of freedom    (FIT_NDF)                        : 1
rms of residuals      (FIT_STDFIT) = sqrt(WSSR/ndf)    : 0.000247692
variance of residuals (reduced chisquare) = WSSR/ndf   : 6.13515e-08

Final set of parameters            Asymptotic Standard Error
=======================            ==========================
a3              = 4.00101          +/- 0.0005818    (0.01454%)
b3              = -3.88403         +/- 0.0008873    (0.02285%)

correlation matrix of the fit parameters:
                a3     b3     
a3              1.000 
b3              0.987  1.000 


*******************************************************************************
Tue Mar 31 15:25:38 2020


FIT:    data read from "derivative_test.dat" using ($1):($5)
        format = x:z
        x range restricted to [-2.00000 : -1.00000]
        #datapoints = 3
        residuals are weighted equally (unit weight)

function used for fitting: f4(x)
	f4(x) = a4*x + b4
fitted parameters initialized with current variable values

iter      chisq       delta/lim  lambda   a4            b4           
   0 6.3576018925e+02   0.00e+00  1.29e+00    1.000000e+00   1.000000e+00
   4 1.7979964925e+00  -3.37e-01  1.29e-04   -7.924812e-01  -1.622815e+01

After 4 iterations the fit converged.
final sum of squares of residuals : 1.798
rel. change during last iteration : -3.36572e-06

degrees of freedom    (FIT_NDF)                        : 1
rms of residuals      (FIT_STDFIT) = sqrt(WSSR/ndf)    : 1.34089
variance of residuals (reduced chisquare) = WSSR/ndf   : 1.798

Final set of parameters            Asymptotic Standard Error
=======================            ==========================
a4              = -0.792481        +/- 3.15         (397.4%)
b4              = -16.2282         +/- 4.804        (29.6%)

correlation matrix of the fit parameters:
                a4     b4     
a4              1.000 
b4              0.987  1.000 


*******************************************************************************
Tue Mar 31 15:25:44 2020


FIT:    data read from "derivative_test.dat" using ($1):($2)
        format = x:z
        x range restricted to [-7.00000 : -1.00000]
        #datapoints = 20
        residuals are weighted equally (unit weight)

function used for fitting: f1(x)
	f1(x) = a1*x + b1
fitted parameters initialized with current variable values

iter      chisq       delta/lim  lambda   a1            b1           
   0 6.1468362857e-05   0.00e+00  3.13e+00    9.991837e-01  -3.052034e-01
   1 6.1468362857e-05  -7.41e-09  3.13e-01    9.991837e-01  -3.052034e-01

After 1 iterations the fit converged.
final sum of squares of residuals : 6.14684e-05
rel. change during last iteration : -7.40812e-14

degrees of freedom    (FIT_NDF)                        : 18
rms of residuals      (FIT_STDFIT) = sqrt(WSSR/ndf)    : 0.00184795
variance of residuals (reduced chisquare) = WSSR/ndf   : 3.41491e-06

Final set of parameters            Asymptotic Standard Error
=======================            ==========================
a1              = 0.999184         +/- 0.0002381    (0.02382%)
b1              = -0.305203        +/- 0.001052     (0.3447%)

correlation matrix of the fit parameters:
                a1     b1     
a1              1.000 
b1              0.920  1.000 


*******************************************************************************
Tue Mar 31 15:25:44 2020


FIT:    data read from "derivative_test.dat" using ($1):($3)
        format = x:z
        x range restricted to [-4.00000 : -1.00000]
        #datapoints = 10
        residuals are weighted equally (unit weight)

function used for fitting: f2(x)
	f2(x) = a2*x + b2
fitted parameters initialized with current variable values

iter      chisq       delta/lim  lambda   a2            b2           
   0 2.6813885970e-07   0.00e+00  3.94e+00    2.000125e+00  -1.379955e+00
   1 2.6813885970e-07  -1.86e-07  3.94e-01    2.000125e+00  -1.379955e+00

After 1 iterations the fit converged.
final sum of squares of residuals : 2.68139e-07
rel. change during last iteration : -1.85666e-12

degrees of freedom    (FIT_NDF)                        : 8
rms of residuals      (FIT_STDFIT) = sqrt(WSSR/ndf)    : 0.000183077
variance of residuals (reduced chisquare) = WSSR/ndf   : 3.35174e-08

Final set of parameters            Asymptotic Standard Error
=======================            ==========================
a2              = 2.00013          +/- 6.696e-05    (0.003348%)
b2              = -1.37995         +/- 0.0001808    (0.01311%)

correlation matrix of the fit parameters:
                a2     b2     
a2              1.000 
b2              0.947  1.000 


*******************************************************************************
Tue Mar 31 15:25:44 2020


FIT:    data read from "derivative_test.dat" using ($1):($4)
        format = x:z
        x range restricted to [-2.00000 : -1.00000]
        #datapoints = 3
        residuals are weighted equally (unit weight)

function used for fitting: f3(x)
	f3(x) = a3*x + b3
fitted parameters initialized with current variable values

iter      chisq       delta/lim  lambda   a3            b3           
   0 6.1351528439e-08   0.00e+00  5.11e+00    4.001008e+00  -3.884033e+00
   1 6.1351528439e-08  -5.86e-07  5.11e-01    4.001008e+00  -3.884033e+00

After 1 iterations the fit converged.
final sum of squares of residuals : 6.13515e-08
rel. change during last iteration : -5.85578e-12

degrees of freedom    (FIT_NDF)                        : 1
rms of residuals      (FIT_STDFIT) = sqrt(WSSR/ndf)    : 0.000247692
variance of residuals (reduced chisquare) = WSSR/ndf   : 6.13515e-08

Final set of parameters            Asymptotic Standard Error
=======================            ==========================
a3              = 4.00101          +/- 0.0005818    (0.01454%)
b3              = -3.88403         +/- 0.0008873    (0.02285%)

correlation matrix of the fit parameters:
                a3     b3     
a3              1.000 
b3              0.987  1.000 


*******************************************************************************
Tue Mar 31 15:25:44 2020


FIT:    data read from "derivative_test.dat" using ($1):($5)
        format = x:z
        x range restricted to [-2.00000 : -1.00000]
        #datapoints = 3
        residuals are weighted equally (unit weight)

function used for fitting: f4(x)
	f4(x) = a4*x + b4
fitted parameters initialized with current variable values

iter      chisq       delta/lim  lambda   a4            b4           
   0 1.7979964925e+00   0.00e+00  1.15e+01   -7.924812e-01  -1.622815e+01
   1 1.7979964925e+00  -1.23e-10  1.15e+00   -7.924812e-01  -1.622815e+01

After 1 iterations the fit converged.
final sum of squares of residuals : 1.798
rel. change during last iteration : -1.23496e-15

degrees of freedom    (FIT_NDF)                        : 1
rms of residuals      (FIT_STDFIT) = sqrt(WSSR/ndf)    : 1.34089
variance of residuals (reduced chisquare) = WSSR/ndf   : 1.798

Final set of parameters            Asymptotic Standard Error
=======================            ==========================
a4              = -0.792481        +/- 3.15         (397.4%)
b4              = -16.2282         +/- 4.804        (29.6%)

correlation matrix of the fit parameters:
                a4     b4     
a4              1.000 
b4              0.987  1.000 


*******************************************************************************
Tue Mar 31 15:26:00 2020


FIT:    data read from "derivative_test.dat" using ($1):($2)
        format = x:z
        x range restricted to [-7.00000 : -1.00000]
        #datapoints = 20
        residuals are weighted equally (unit weight)

function used for fitting: f1(x)
	f1(x) = a1*x + b1
fitted parameters initialized with current variable values

iter      chisq       delta/lim  lambda   a1            b1           
   0 3.3898237347e+01   0.00e+00  3.20e+00    1.000000e+00   1.000000e+00
   4 6.1468362857e-05  -6.41e-01  3.20e-04    9.991837e-01  -3.052034e-01

After 4 iterations the fit converged.
final sum of squares of residuals : 6.14684e-05
rel. change during last iteration : -6.4141e-06

degrees of freedom    (FIT_NDF)                        : 18
rms of residuals      (FIT_STDFIT) = sqrt(WSSR/ndf)    : 0.00184795
variance of residuals (reduced chisquare) = WSSR/ndf   : 3.41491e-06

Final set of parameters            Asymptotic Standard Error
=======================            ==========================
a1              = 0.999184         +/- 0.0002381    (0.02382%)
b1              = -0.305203        +/- 0.001052     (0.3447%)

correlation matrix of the fit parameters:
                a1     b1     
a1              1.000 
b1              0.920  1.000 


*******************************************************************************
Tue Mar 31 15:26:00 2020


FIT:    data read from "derivative_test.dat" using ($1):($3)
        format = x:z
        x range restricted to [-4.00000 : -1.00000]
        #datapoints = 10
        residuals are weighted equally (unit weight)

function used for fitting: f2(x)
	f2(x) = a2*x + b2
fitted parameters initialized with current variable values

iter      chisq       delta/lim  lambda   a2            b2           
   0 2.5141812834e+02   0.00e+00  2.04e+00    1.000000e+00   1.000000e+00
   5 2.6813885970e-07   0.00e+00  2.04e+02    2.000125e+00  -1.379955e+00

After 5 iterations the fit converged.
final sum of squares of residuals : 2.68139e-07
rel. change during last iteration : 0

degrees of freedom    (FIT_NDF)                        : 8
rms of residuals      (FIT_STDFIT) = sqrt(WSSR/ndf)    : 0.000183077
variance of residuals (reduced chisquare) = WSSR/ndf   : 3.35174e-08

Final set of parameters            Asymptotic Standard Error
=======================            ==========================
a2              = 2.00013          +/- 6.696e-05    (0.003348%)
b2              = -1.37995         +/- 0.0001808    (0.01311%)

correlation matrix of the fit parameters:
                a2     b2     
a2              1.000 
b2              0.947  1.000 


*******************************************************************************
Tue Mar 31 15:26:00 2020


FIT:    data read from "derivative_test.dat" using ($1):($4)
        format = x:z
        x range restricted to [-2.00000 : -1.00000]
        #datapoints = 3
        residuals are weighted equally (unit weight)

function used for fitting: f3(x)
	f3(x) = a3*x + b3
fitted parameters initialized with current variable values

iter      chisq       delta/lim  lambda   a3            b3           
   0 2.6676866442e+02   0.00e+00  1.29e+00    1.000000e+00   1.000000e+00
   5 6.1351528439e-08  -2.29e-04  1.29e-05    4.001008e+00  -3.884033e+00

After 5 iterations the fit converged.
final sum of squares of residuals : 6.13515e-08
rel. change during last iteration : -2.29218e-09

degrees of freedom    (FIT_NDF)                        : 1
rms of residuals      (FIT_STDFIT) = sqrt(WSSR/ndf)    : 0.000247692
variance of residuals (reduced chisquare) = WSSR/ndf   : 6.13515e-08

Final set of parameters            Asymptotic Standard Error
=======================            ==========================
a3              = 4.00101          +/- 0.0005818    (0.01454%)
b3              = -3.88403         +/- 0.0008873    (0.02285%)

correlation matrix of the fit parameters:
                a3     b3     
a3              1.000 
b3              0.987  1.000 


*******************************************************************************
Tue Mar 31 15:26:00 2020


FIT:    data read from "derivative_test.dat" using ($1):($5)
        format = x:z
        x range restricted to [-2.00000 : -1.00000]
        #datapoints = 3
        residuals are weighted equally (unit weight)

function used for fitting: f4(x)
	f4(x) = a4*x + b4
fitted parameters initialized with current variable values

iter      chisq       delta/lim  lambda   a4            b4           
   0 6.3576018925e+02   0.00e+00  1.29e+00    1.000000e+00   1.000000e+00
   4 1.7979964925e+00  -3.37e-01  1.29e-04   -7.924812e-01  -1.622815e+01

After 4 iterations the fit converged.
final sum of squares of residuals : 1.798
rel. change during last iteration : -3.36572e-06

degrees of freedom    (FIT_NDF)                        : 1
rms of residuals      (FIT_STDFIT) = sqrt(WSSR/ndf)    : 1.34089
variance of residuals (reduced chisquare) = WSSR/ndf   : 1.798

Final set of parameters            Asymptotic Standard Error
=======================            ==========================
a4              = -0.792481        +/- 3.15         (397.4%)
b4              = -16.2282         +/- 4.804        (29.6%)

correlation matrix of the fit parameters:
                a4     b4     
a4              1.000 
b4              0.987  1.000 


*******************************************************************************
Tue Mar 31 15:27:23 2020


FIT:    data read from "derivative_test.dat" using ($1):($2)
        format = x:z
        x range restricted to [-7.00000 : -1.00000]
        #datapoints = 20
        residuals are weighted equally (unit weight)

function used for fitting: f1(x)
	f1(x) = a1*x + b1
fitted parameters initialized with current variable values

iter      chisq       delta/lim  lambda   a1            b1           
   0 3.3916651618e+01   0.00e+00  3.14e+00    1.000000e+00   1.000000e+00
   4 9.3519525755e-05  -3.11e-01  3.14e-04    9.991169e-01  -3.057421e-01

After 4 iterations the fit converged.
final sum of squares of residuals : 9.35195e-05
rel. change during last iteration : -3.11149e-06

degrees of freedom    (FIT_NDF)                        : 18
rms of residuals      (FIT_STDFIT) = sqrt(WSSR/ndf)    : 0.00227937
variance of residuals (reduced chisquare) = WSSR/ndf   : 5.19553e-06

Final set of parameters            Asymptotic Standard Error
=======================            ==========================
a1              = 0.999117         +/- 0.0002936    (0.02939%)
b1              = -0.305742        +/- 0.001271     (0.4159%)

correlation matrix of the fit parameters:
                a1     b1     
a1              1.000 
b1              0.916  1.000 


*******************************************************************************
Tue Mar 31 15:27:24 2020


FIT:    data read from "derivative_test.dat" using ($1):($3)
        format = x:z
        x range restricted to [-4.00000 : -1.00000]
        #datapoints = 10
        residuals are weighted equally (unit weight)

function used for fitting: f2(x)
	f2(x) = a2*x + b2
fitted parameters initialized with current variable values

iter      chisq       delta/lim  lambda   a2            b2           
   0 2.4192709696e+02   0.00e+00  1.98e+00    1.000000e+00   1.000000e+00
   5 5.4295040240e-08  -4.55e-07  1.98e-05    1.999953e+00  -1.380291e+00

After 5 iterations the fit converged.
final sum of squares of residuals : 5.4295e-08
rel. change during last iteration : -4.55329e-12

degrees of freedom    (FIT_NDF)                        : 8
rms of residuals      (FIT_STDFIT) = sqrt(WSSR/ndf)    : 8.23825e-05
variance of residuals (reduced chisquare) = WSSR/ndf   : 6.78688e-09

Final set of parameters            Asymptotic Standard Error
=======================            ==========================
a2              = 1.99995          +/- 3.013e-05    (0.001507%)
b2              = -1.38029         +/- 7.862e-05    (0.005696%)

correlation matrix of the fit parameters:
                a2     b2     
a2              1.000 
b2              0.943  1.000 


*******************************************************************************
Tue Mar 31 15:27:24 2020


FIT:    data read from "derivative_test.dat" using ($1):($4)
        format = x:z
        x range restricted to [-2.00000 : -1.00000]
        #datapoints = 3
        residuals are weighted equally (unit weight)

function used for fitting: f3(x)
	f3(x) = a3*x + b3
fitted parameters initialized with current variable values

iter      chisq       delta/lim  lambda   a3            b3           
   0 2.5061897462e+02   0.00e+00  1.23e+00    1.000000e+00   1.000000e+00
   5 2.2300388151e-08  -2.23e-04  1.23e-05    4.000657e+00  -3.884553e+00

After 5 iterations the fit converged.
final sum of squares of residuals : 2.23004e-08
rel. change during last iteration : -2.22964e-09

degrees of freedom    (FIT_NDF)                        : 1
rms of residuals      (FIT_STDFIT) = sqrt(WSSR/ndf)    : 0.000149333
variance of residuals (reduced chisquare) = WSSR/ndf   : 2.23004e-08

Final set of parameters            Asymptotic Standard Error
=======================            ==========================
a3              = 4.00066          +/- 0.0003508    (0.008768%)
b3              = -3.88455         +/- 0.0005014    (0.01291%)

correlation matrix of the fit parameters:
                a3     b3     
a3              1.000 
b3              0.985  1.000 


*******************************************************************************
Tue Mar 31 15:27:24 2020


FIT:    data read from "derivative_test.dat" using ($1):($5)
        format = x:z
        x range restricted to [-2.00000 : -1.00000]
        #datapoints = 3
        residuals are weighted equally (unit weight)

function used for fitting: f4(x)
	f4(x) = a4*x + b4
fitted parameters initialized with current variable values

iter      chisq       delta/lim  lambda   a4            b4           
   0 5.4811664360e+02   0.00e+00  1.23e+00    1.000000e+00   1.000000e+00
   5 4.3285577235e-02  -3.06e-09  1.23e-05    1.659218e-01  -1.368936e+01

After 5 iterations the fit converged.
final sum of squares of residuals : 0.0432856
rel. change during last iteration : -3.06183e-14

degrees of freedom    (FIT_NDF)                        : 1
rms of residuals      (FIT_STDFIT) = sqrt(WSSR/ndf)    : 0.208052
variance of residuals (reduced chisquare) = WSSR/ndf   : 0.0432856

Final set of parameters            Asymptotic Standard Error
=======================            ==========================
a4              = 0.165922         +/- 0.4887       (294.5%)
b4              = -13.6894         +/- 0.6986       (5.103%)

correlation matrix of the fit parameters:
                a4     b4     
a4              1.000 
b4              0.985  1.000 


*******************************************************************************
Tue Mar 31 15:27:59 2020


FIT:    data read from "derivative_test.dat" using ($1):($2)
        format = x:z
        x range restricted to [-7.00000 : -1.00000]
        #datapoints = 20
        residuals are weighted equally (unit weight)

function used for fitting: f1(x)
	f1(x) = a1*x + b1
fitted parameters initialized with current variable values

iter      chisq       delta/lim  lambda   a1            b1           
   0 9.3519525755e-05   0.00e+00  3.07e+00    9.991169e-01  -3.057421e-01
   1 9.3519525755e-05   0.00e+00  3.07e+02    9.991169e-01  -3.057421e-01

After 1 iterations the fit converged.
final sum of squares of residuals : 9.35195e-05
rel. change during last iteration : 0

degrees of freedom    (FIT_NDF)                        : 18
rms of residuals      (FIT_STDFIT) = sqrt(WSSR/ndf)    : 0.00227937
variance of residuals (reduced chisquare) = WSSR/ndf   : 5.19553e-06

Final set of parameters            Asymptotic Standard Error
=======================            ==========================
a1              = 0.999117         +/- 0.0002936    (0.02939%)
b1              = -0.305742        +/- 0.001271     (0.4159%)

correlation matrix of the fit parameters:
                a1     b1     
a1              1.000 
b1              0.916  1.000 


*******************************************************************************
Tue Mar 31 15:27:59 2020


FIT:    data read from "derivative_test.dat" using ($1):($3)
        format = x:z
        x range restricted to [-4.00000 : -1.00000]
        #datapoints = 10
        residuals are weighted equally (unit weight)

function used for fitting: f2(x)
	f2(x) = a2*x + b2
fitted parameters initialized with current variable values

iter      chisq       delta/lim  lambda   a2            b2           
   0 5.4295040240e-08   0.00e+00  3.82e+00    1.999953e+00  -1.380291e+00
   1 5.4295040240e-08   0.00e+00  3.82e-01    1.999953e+00  -1.380291e+00

After 1 iterations the fit converged.
final sum of squares of residuals : 5.4295e-08
rel. change during last iteration : 0

degrees of freedom    (FIT_NDF)                        : 8
rms of residuals      (FIT_STDFIT) = sqrt(WSSR/ndf)    : 8.23825e-05
variance of residuals (reduced chisquare) = WSSR/ndf   : 6.78688e-09

Final set of parameters            Asymptotic Standard Error
=======================            ==========================
a2              = 1.99995          +/- 3.013e-05    (0.001507%)
b2              = -1.38029         +/- 7.862e-05    (0.005696%)

correlation matrix of the fit parameters:
                a2     b2     
a2              1.000 
b2              0.943  1.000 


*******************************************************************************
Tue Mar 31 15:27:59 2020


FIT:    data read from "derivative_test.dat" using ($1):($4)
        format = x:z
        x range restricted to [-2.00000 : -1.00000]
        #datapoints = 3
        residuals are weighted equally (unit weight)

function used for fitting: f3(x)
	f3(x) = a3*x + b3
fitted parameters initialized with current variable values

iter      chisq       delta/lim  lambda   a3            b3           
   0 2.2300388151e-08   0.00e+00  4.89e+00    4.000657e+00  -3.884553e+00
   1 2.2300388151e-08   0.00e+00  4.89e-01    4.000657e+00  -3.884553e+00

After 1 iterations the fit converged.
final sum of squares of residuals : 2.23004e-08
rel. change during last iteration : 0

degrees of freedom    (FIT_NDF)                        : 1
rms of residuals      (FIT_STDFIT) = sqrt(WSSR/ndf)    : 0.000149333
variance of residuals (reduced chisquare) = WSSR/ndf   : 2.23004e-08

Final set of parameters            Asymptotic Standard Error
=======================            ==========================
a3              = 4.00066          +/- 0.0003508    (0.008768%)
b3              = -3.88455         +/- 0.0005014    (0.01291%)

correlation matrix of the fit parameters:
                a3     b3     
a3              1.000 
b3              0.985  1.000 


*******************************************************************************
Tue Mar 31 15:27:59 2020


FIT:    data read from "derivative_test.dat" using ($1):($5)
        format = x:z
        x range restricted to [-2.00000 : -1.00000]
        #datapoints = 3
        residuals are weighted equally (unit weight)

function used for fitting: f4(x)
	f4(x) = a4*x + b4
fitted parameters initialized with current variable values

iter      chisq       delta/lim  lambda   a4            b4           
   0 4.3285577235e-02   0.00e+00  9.68e+00    1.659218e-01  -1.368936e+01
   1 4.3285577235e-02   0.00e+00  9.68e-01    1.659218e-01  -1.368936e+01

After 1 iterations the fit converged.
final sum of squares of residuals : 0.0432856
rel. change during last iteration : 0

degrees of freedom    (FIT_NDF)                        : 1
rms of residuals      (FIT_STDFIT) = sqrt(WSSR/ndf)    : 0.208052
variance of residuals (reduced chisquare) = WSSR/ndf   : 0.0432856

Final set of parameters            Asymptotic Standard Error
=======================            ==========================
a4              = 0.165922         +/- 0.4887       (294.5%)
b4              = -13.6894         +/- 0.6986       (5.103%)

correlation matrix of the fit parameters:
                a4     b4     
a4              1.000 
b4              0.985  1.000 


*******************************************************************************
Tue Mar 31 15:29:37 2020


FIT:    data read from "derivative_test.dat" using ($1):($2)
        format = x:z
        x range restricted to [-7.00000 : -1.00000]
        #datapoints = 20
        residuals are weighted equally (unit weight)

function used for fitting: f1(x)
	f1(x) = a1*x + b1
fitted parameters initialized with current variable values

iter      chisq       delta/lim  lambda   a1            b1           
   0 3.3916651618e+01   0.00e+00  3.14e+00    1.000000e+00   1.000000e+00
   4 9.3519525755e-05  -3.11e-01  3.14e-04    9.991169e-01  -3.057421e-01

After 4 iterations the fit converged.
final sum of squares of residuals : 9.35195e-05
rel. change during last iteration : -3.11149e-06

degrees of freedom    (FIT_NDF)                        : 18
rms of residuals      (FIT_STDFIT) = sqrt(WSSR/ndf)    : 0.00227937
variance of residuals (reduced chisquare) = WSSR/ndf   : 5.19553e-06

Final set of parameters            Asymptotic Standard Error
=======================            ==========================
a1              = 0.999117         +/- 0.0002936    (0.02939%)
b1              = -0.305742        +/- 0.001271     (0.4159%)

correlation matrix of the fit parameters:
                a1     b1     
a1              1.000 
b1              0.916  1.000 


*******************************************************************************
Tue Mar 31 15:29:37 2020


FIT:    data read from "derivative_test.dat" using ($1):($3)
        format = x:z
        x range restricted to [-4.00000 : -1.00000]
        #datapoints = 10
        residuals are weighted equally (unit weight)

function used for fitting: f2(x)
	f2(x) = a2*x + b2
fitted parameters initialized with current variable values

iter      chisq       delta/lim  lambda   a2            b2           
   0 2.4192709696e+02   0.00e+00  1.98e+00    1.000000e+00   1.000000e+00
   5 5.4295040240e-08  -4.55e-07  1.98e-05    1.999953e+00  -1.380291e+00

After 5 iterations the fit converged.
final sum of squares of residuals : 5.4295e-08
rel. change during last iteration : -4.55329e-12

degrees of freedom    (FIT_NDF)                        : 8
rms of residuals      (FIT_STDFIT) = sqrt(WSSR/ndf)    : 8.23825e-05
variance of residuals (reduced chisquare) = WSSR/ndf   : 6.78688e-09

Final set of parameters            Asymptotic Standard Error
=======================            ==========================
a2              = 1.99995          +/- 3.013e-05    (0.001507%)
b2              = -1.38029         +/- 7.862e-05    (0.005696%)

correlation matrix of the fit parameters:
                a2     b2     
a2              1.000 
b2              0.943  1.000 


*******************************************************************************
Tue Mar 31 15:29:37 2020


FIT:    data read from "derivative_test.dat" using ($1):($4)
        format = x:z
        x range restricted to [-2.00000 : -1.00000]
        #datapoints = 3
        residuals are weighted equally (unit weight)

function used for fitting: f3(x)
	f3(x) = a3*x + b3
fitted parameters initialized with current variable values

iter      chisq       delta/lim  lambda   a3            b3           
   0 2.5061897462e+02   0.00e+00  1.23e+00    1.000000e+00   1.000000e+00
   5 2.2300388151e-08  -2.23e-04  1.23e-05    4.000657e+00  -3.884553e+00

After 5 iterations the fit converged.
final sum of squares of residuals : 2.23004e-08
rel. change during last iteration : -2.22964e-09

degrees of freedom    (FIT_NDF)                        : 1
rms of residuals      (FIT_STDFIT) = sqrt(WSSR/ndf)    : 0.000149333
variance of residuals (reduced chisquare) = WSSR/ndf   : 2.23004e-08

Final set of parameters            Asymptotic Standard Error
=======================            ==========================
a3              = 4.00066          +/- 0.0003508    (0.008768%)
b3              = -3.88455         +/- 0.0005014    (0.01291%)

correlation matrix of the fit parameters:
                a3     b3     
a3              1.000 
b3              0.985  1.000 


*******************************************************************************
Tue Mar 31 15:29:37 2020


FIT:    data read from "derivative_test.dat" using ($1):($5)
        format = x:z
        x range restricted to [-1.50000 : 0.00000]
        #datapoints = 5
        residuals are weighted equally (unit weight)

function used for fitting: f4(x)
	f4(x) = a4*x + b4
fitted parameters initialized with current variable values

iter      chisq       delta/lim  lambda   a4            b4           
   0 7.2703746077e+02   0.00e+00  9.57e-01    1.000000e+00   1.000000e+00
   4 1.6197279147e+00  -1.27e-06  9.57e-05    4.664424e+00  -7.989427e+00

After 4 iterations the fit converged.
final sum of squares of residuals : 1.61973
rel. change during last iteration : -1.26901e-11

degrees of freedom    (FIT_NDF)                        : 3
rms of residuals      (FIT_STDFIT) = sqrt(WSSR/ndf)    : 0.734785
variance of residuals (reduced chisquare) = WSSR/ndf   : 0.539909

Final set of parameters            Asymptotic Standard Error
=======================            ==========================
a4              = 4.66442          +/- 0.7719       (16.55%)
b4              = -7.98943         +/- 0.7037       (8.808%)

correlation matrix of the fit parameters:
                a4     b4     
a4              1.000 
b4              0.884  1.000 


*******************************************************************************
Tue Mar 31 15:30:56 2020


FIT:    data read from "derivative_test.dat" using ($1):($2)
        format = x:z
        x range restricted to [-7.00000 : -1.00000]
        #datapoints = 20
        residuals are weighted equally (unit weight)

function used for fitting: f1(x)
	f1(x) = a1*x + b1
fitted parameters initialized with current variable values

iter      chisq       delta/lim  lambda   a1            b1           
   0 3.3916651618e+01   0.00e+00  3.14e+00    1.000000e+00   1.000000e+00
   4 9.3519525755e-05  -3.11e-01  3.14e-04    9.991169e-01  -3.057421e-01

After 4 iterations the fit converged.
final sum of squares of residuals : 9.35195e-05
rel. change during last iteration : -3.11149e-06

degrees of freedom    (FIT_NDF)                        : 18
rms of residuals      (FIT_STDFIT) = sqrt(WSSR/ndf)    : 0.00227937
variance of residuals (reduced chisquare) = WSSR/ndf   : 5.19553e-06

Final set of parameters            Asymptotic Standard Error
=======================            ==========================
a1              = 0.999117         +/- 0.0002936    (0.02939%)
b1              = -0.305742        +/- 0.001271     (0.4159%)

correlation matrix of the fit parameters:
                a1     b1     
a1              1.000 
b1              0.916  1.000 


*******************************************************************************
Tue Mar 31 15:30:57 2020


FIT:    data read from "derivative_test.dat" using ($1):($3)
        format = x:z
        x range restricted to [-4.00000 : -1.00000]
        #datapoints = 10
        residuals are weighted equally (unit weight)

function used for fitting: f2(x)
	f2(x) = a2*x + b2
fitted parameters initialized with current variable values

iter      chisq       delta/lim  lambda   a2            b2           
   0 2.4192709696e+02   0.00e+00  1.98e+00    1.000000e+00   1.000000e+00
   5 5.4295040240e-08  -4.55e-07  1.98e-05    1.999953e+00  -1.380291e+00

After 5 iterations the fit converged.
final sum of squares of residuals : 5.4295e-08
rel. change during last iteration : -4.55329e-12

degrees of freedom    (FIT_NDF)                        : 8
rms of residuals      (FIT_STDFIT) = sqrt(WSSR/ndf)    : 8.23825e-05
variance of residuals (reduced chisquare) = WSSR/ndf   : 6.78688e-09

Final set of parameters            Asymptotic Standard Error
=======================            ==========================
a2              = 1.99995          +/- 3.013e-05    (0.001507%)
b2              = -1.38029         +/- 7.862e-05    (0.005696%)

correlation matrix of the fit parameters:
                a2     b2     
a2              1.000 
b2              0.943  1.000 


*******************************************************************************
Tue Mar 31 15:30:57 2020


FIT:    data read from "derivative_test.dat" using ($1):($4)
        format = x:z
        x range restricted to [-2.00000 : -1.00000]
        #datapoints = 3
        residuals are weighted equally (unit weight)

function used for fitting: f3(x)
	f3(x) = a3*x + b3
fitted parameters initialized with current variable values

iter      chisq       delta/lim  lambda   a3            b3           
   0 2.5061897462e+02   0.00e+00  1.23e+00    1.000000e+00   1.000000e+00
   5 2.2300388151e-08  -2.23e-04  1.23e-05    4.000657e+00  -3.884553e+00

After 5 iterations the fit converged.
final sum of squares of residuals : 2.23004e-08
rel. change during last iteration : -2.22964e-09

degrees of freedom    (FIT_NDF)                        : 1
rms of residuals      (FIT_STDFIT) = sqrt(WSSR/ndf)    : 0.000149333
variance of residuals (reduced chisquare) = WSSR/ndf   : 2.23004e-08

Final set of parameters            Asymptotic Standard Error
=======================            ==========================
a3              = 4.00066          +/- 0.0003508    (0.008768%)
b3              = -3.88455         +/- 0.0005014    (0.01291%)

correlation matrix of the fit parameters:
                a3     b3     
a3              1.000 
b3              0.985  1.000 


*******************************************************************************
Tue Mar 31 15:30:57 2020


FIT:    data read from "derivative_test.dat" using ($1):($5)
        format = x:z
        x range restricted to [-1.40000 : 0.00000]
        #datapoints = 4
        residuals are weighted equally (unit weight)

function used for fitting: f4(x)
	f4(x) = a4*x + b4
fitted parameters initialized with current variable values

iter      chisq       delta/lim  lambda   a4            b4           
   0 5.4895111998e+02   0.00e+00  8.78e-01    1.000000e+00   1.000000e+00
   4 2.6422705684e-06  -1.20e-01  8.78e-05    6.001361e+00  -7.314074e+00

After 4 iterations the fit converged.
final sum of squares of residuals : 2.64227e-06
rel. change during last iteration : -1.20357e-06

degrees of freedom    (FIT_NDF)                        : 2
rms of residuals      (FIT_STDFIT) = sqrt(WSSR/ndf)    : 0.00114941
variance of residuals (reduced chisquare) = WSSR/ndf   : 1.32114e-06

Final set of parameters            Asymptotic Standard Error
=======================            ==========================
a4              = 6.00136          +/- 0.001708     (0.02845%)
b4              = -7.31407         +/- 0.001258     (0.01721%)

correlation matrix of the fit parameters:
                a4     b4     
a4              1.000 
b4              0.890  1.000 


*******************************************************************************
Tue Mar 31 15:31:53 2020


FIT:    data read from "derivative_test.dat" using ($1):($2)
        format = x:z
        x range restricted to [-7.00000 : -1.00000]
        #datapoints = 20
        residuals are weighted equally (unit weight)

function used for fitting: f1(x)
	f1(x) = a1*x + b1
fitted parameters initialized with current variable values

iter      chisq       delta/lim  lambda   a1            b1           
   0 3.3916651618e+01   0.00e+00  3.14e+00    1.000000e+00   1.000000e+00
   4 9.3519525755e-05  -3.11e-01  3.14e-04    9.991169e-01  -3.057421e-01

After 4 iterations the fit converged.
final sum of squares of residuals : 9.35195e-05
rel. change during last iteration : -3.11149e-06

degrees of freedom    (FIT_NDF)                        : 18
rms of residuals      (FIT_STDFIT) = sqrt(WSSR/ndf)    : 0.00227937
variance of residuals (reduced chisquare) = WSSR/ndf   : 5.19553e-06

Final set of parameters            Asymptotic Standard Error
=======================            ==========================
a1              = 0.999117         +/- 0.0002936    (0.02939%)
b1              = -0.305742        +/- 0.001271     (0.4159%)

correlation matrix of the fit parameters:
                a1     b1     
a1              1.000 
b1              0.916  1.000 


*******************************************************************************
Tue Mar 31 15:31:53 2020


FIT:    data read from "derivative_test.dat" using ($1):($3)
        format = x:z
        x range restricted to [-4.00000 : -1.00000]
        #datapoints = 10
        residuals are weighted equally (unit weight)

function used for fitting: f2(x)
	f2(x) = a2*x + b2
fitted parameters initialized with current variable values

iter      chisq       delta/lim  lambda   a2            b2           
   0 2.4192709696e+02   0.00e+00  1.98e+00    1.000000e+00   1.000000e+00
   5 5.4295040240e-08  -4.55e-07  1.98e-05    1.999953e+00  -1.380291e+00

After 5 iterations the fit converged.
final sum of squares of residuals : 5.4295e-08
rel. change during last iteration : -4.55329e-12

degrees of freedom    (FIT_NDF)                        : 8
rms of residuals      (FIT_STDFIT) = sqrt(WSSR/ndf)    : 8.23825e-05
variance of residuals (reduced chisquare) = WSSR/ndf   : 6.78688e-09

Final set of parameters            Asymptotic Standard Error
=======================            ==========================
a2              = 1.99995          +/- 3.013e-05    (0.001507%)
b2              = -1.38029         +/- 7.862e-05    (0.005696%)

correlation matrix of the fit parameters:
                a2     b2     
a2              1.000 
b2              0.943  1.000 


*******************************************************************************
Tue Mar 31 15:31:53 2020


FIT:    data read from "derivative_test.dat" using ($1):($4)
        format = x:z
        x range restricted to [-2.00000 : -1.00000]
        #datapoints = 3
        residuals are weighted equally (unit weight)

function used for fitting: f3(x)
	f3(x) = a3*x + b3
fitted parameters initialized with current variable values

iter      chisq       delta/lim  lambda   a3            b3           
   0 2.5061897462e+02   0.00e+00  1.23e+00    1.000000e+00   1.000000e+00
   5 2.2300388151e-08  -2.23e-04  1.23e-05    4.000657e+00  -3.884553e+00

After 5 iterations the fit converged.
final sum of squares of residuals : 2.23004e-08
rel. change during last iteration : -2.22964e-09

degrees of freedom    (FIT_NDF)                        : 1
rms of residuals      (FIT_STDFIT) = sqrt(WSSR/ndf)    : 0.000149333
variance of residuals (reduced chisquare) = WSSR/ndf   : 2.23004e-08

Final set of parameters            Asymptotic Standard Error
=======================            ==========================
a3              = 4.00066          +/- 0.0003508    (0.008768%)
b3              = -3.88455         +/- 0.0005014    (0.01291%)

correlation matrix of the fit parameters:
                a3     b3     
a3              1.000 
b3              0.985  1.000 


*******************************************************************************
Tue Mar 31 15:31:53 2020


FIT:    data read from "derivative_test.dat" using ($1):($5)
        format = x:z
        x range restricted to [-1.40000 : 0.00000]
        #datapoints = 4
        residuals are weighted equally (unit weight)

function used for fitting: f4(x)
	f4(x) = a4*x + b4
fitted parameters initialized with current variable values

iter      chisq       delta/lim  lambda   a4            b4           
   0 5.4895111998e+02   0.00e+00  8.78e-01    1.000000e+00   1.000000e+00
   4 2.6422705684e-06  -1.20e-01  8.78e-05    6.001361e+00  -7.314074e+00

After 4 iterations the fit converged.
final sum of squares of residuals : 2.64227e-06
rel. change during last iteration : -1.20357e-06

degrees of freedom    (FIT_NDF)                        : 2
rms of residuals      (FIT_STDFIT) = sqrt(WSSR/ndf)    : 0.00114941
variance of residuals (reduced chisquare) = WSSR/ndf   : 1.32114e-06

Final set of parameters            Asymptotic Standard Error
=======================            ==========================
a4              = 6.00136          +/- 0.001708     (0.02845%)
b4              = -7.31407         +/- 0.001258     (0.01721%)

correlation matrix of the fit parameters:
                a4     b4     
a4              1.000 
b4              0.890  1.000 


*******************************************************************************
Tue Mar 31 15:32:28 2020


FIT:    data read from "derivative_test.dat" using ($1):($2)
        format = x:z
        x range restricted to [-7.00000 : -1.00000]
        #datapoints = 20
        residuals are weighted equally (unit weight)

function used for fitting: f1(x)
	f1(x) = a1*x + b1
fitted parameters initialized with current variable values

iter      chisq       delta/lim  lambda   a1            b1           
   0 3.3916651618e+01   0.00e+00  3.14e+00    1.000000e+00   1.000000e+00
   4 9.3519525755e-05  -3.11e-01  3.14e-04    9.991169e-01  -3.057421e-01

After 4 iterations the fit converged.
final sum of squares of residuals : 9.35195e-05
rel. change during last iteration : -3.11149e-06

degrees of freedom    (FIT_NDF)                        : 18
rms of residuals      (FIT_STDFIT) = sqrt(WSSR/ndf)    : 0.00227937
variance of residuals (reduced chisquare) = WSSR/ndf   : 5.19553e-06

Final set of parameters            Asymptotic Standard Error
=======================            ==========================
a1              = 0.999117         +/- 0.0002936    (0.02939%)
b1              = -0.305742        +/- 0.001271     (0.4159%)

correlation matrix of the fit parameters:
                a1     b1     
a1              1.000 
b1              0.916  1.000 


*******************************************************************************
Tue Mar 31 15:32:28 2020


FIT:    data read from "derivative_test.dat" using ($1):($3)
        format = x:z
        x range restricted to [-4.00000 : -1.00000]
        #datapoints = 10
        residuals are weighted equally (unit weight)

function used for fitting: f2(x)
	f2(x) = a2*x + b2
fitted parameters initialized with current variable values

iter      chisq       delta/lim  lambda   a2            b2           
   0 2.4192709696e+02   0.00e+00  1.98e+00    1.000000e+00   1.000000e+00
   5 5.4295040240e-08  -4.55e-07  1.98e-05    1.999953e+00  -1.380291e+00

After 5 iterations the fit converged.
final sum of squares of residuals : 5.4295e-08
rel. change during last iteration : -4.55329e-12

degrees of freedom    (FIT_NDF)                        : 8
rms of residuals      (FIT_STDFIT) = sqrt(WSSR/ndf)    : 8.23825e-05
variance of residuals (reduced chisquare) = WSSR/ndf   : 6.78688e-09

Final set of parameters            Asymptotic Standard Error
=======================            ==========================
a2              = 1.99995          +/- 3.013e-05    (0.001507%)
b2              = -1.38029         +/- 7.862e-05    (0.005696%)

correlation matrix of the fit parameters:
                a2     b2     
a2              1.000 
b2              0.943  1.000 


*******************************************************************************
Tue Mar 31 15:32:28 2020


FIT:    data read from "derivative_test.dat" using ($1):($4)
        format = x:z
        x range restricted to [-2.00000 : -1.00000]
        #datapoints = 3
        residuals are weighted equally (unit weight)

function used for fitting: f3(x)
	f3(x) = a3*x + b3
fitted parameters initialized with current variable values

iter      chisq       delta/lim  lambda   a3            b3           
   0 2.5061897462e+02   0.00e+00  1.23e+00    1.000000e+00   1.000000e+00
   5 2.2300388151e-08  -2.23e-04  1.23e-05    4.000657e+00  -3.884553e+00

After 5 iterations the fit converged.
final sum of squares of residuals : 2.23004e-08
rel. change during last iteration : -2.22964e-09

degrees of freedom    (FIT_NDF)                        : 1
rms of residuals      (FIT_STDFIT) = sqrt(WSSR/ndf)    : 0.000149333
variance of residuals (reduced chisquare) = WSSR/ndf   : 2.23004e-08

Final set of parameters            Asymptotic Standard Error
=======================            ==========================
a3              = 4.00066          +/- 0.0003508    (0.008768%)
b3              = -3.88455         +/- 0.0005014    (0.01291%)

correlation matrix of the fit parameters:
                a3     b3     
a3              1.000 
b3              0.985  1.000 


*******************************************************************************
Tue Mar 31 15:32:28 2020


FIT:    data read from "derivative_test.dat" using ($1):($5)
        format = x:z
        x range restricted to [-1.40000 : 0.00000]
        #datapoints = 4
        residuals are weighted equally (unit weight)

function used for fitting: f4(x)
	f4(x) = a4*x + b4
fitted parameters initialized with current variable values

iter      chisq       delta/lim  lambda   a4            b4           
   0 5.4895111998e+02   0.00e+00  8.78e-01    1.000000e+00   1.000000e+00
   4 2.6422705684e-06  -1.20e-01  8.78e-05    6.001361e+00  -7.314074e+00

After 4 iterations the fit converged.
final sum of squares of residuals : 2.64227e-06
rel. change during last iteration : -1.20357e-06

degrees of freedom    (FIT_NDF)                        : 2
rms of residuals      (FIT_STDFIT) = sqrt(WSSR/ndf)    : 0.00114941
variance of residuals (reduced chisquare) = WSSR/ndf   : 1.32114e-06

Final set of parameters            Asymptotic Standard Error
=======================            ==========================
a4              = 6.00136          +/- 0.001708     (0.02845%)
b4              = -7.31407         +/- 0.001258     (0.01721%)

correlation matrix of the fit parameters:
                a4     b4     
a4              1.000 
b4              0.890  1.000 


*******************************************************************************
Tue Mar 31 15:32:58 2020


FIT:    data read from "derivative_test.dat" using ($1):($2)
        format = x:z
        x range restricted to [-7.00000 : -1.00000]
        #datapoints = 20
        residuals are weighted equally (unit weight)

function used for fitting: f1(x)
	f1(x) = a1*x + b1
fitted parameters initialized with current variable values

iter      chisq       delta/lim  lambda   a1            b1           
   0 3.3916651618e+01   0.00e+00  3.14e+00    1.000000e+00   1.000000e+00
   4 9.3519525755e-05  -3.11e-01  3.14e-04    9.991169e-01  -3.057421e-01

After 4 iterations the fit converged.
final sum of squares of residuals : 9.35195e-05
rel. change during last iteration : -3.11149e-06

degrees of freedom    (FIT_NDF)                        : 18
rms of residuals      (FIT_STDFIT) = sqrt(WSSR/ndf)    : 0.00227937
variance of residuals (reduced chisquare) = WSSR/ndf   : 5.19553e-06

Final set of parameters            Asymptotic Standard Error
=======================            ==========================
a1              = 0.999117         +/- 0.0002936    (0.02939%)
b1              = -0.305742        +/- 0.001271     (0.4159%)

correlation matrix of the fit parameters:
                a1     b1     
a1              1.000 
b1              0.916  1.000 


*******************************************************************************
Tue Mar 31 15:32:58 2020


FIT:    data read from "derivative_test.dat" using ($1):($3)
        format = x:z
        x range restricted to [-4.00000 : -1.00000]
        #datapoints = 10
        residuals are weighted equally (unit weight)

function used for fitting: f2(x)
	f2(x) = a2*x + b2
fitted parameters initialized with current variable values

iter      chisq       delta/lim  lambda   a2            b2           
   0 2.4192709696e+02   0.00e+00  1.98e+00    1.000000e+00   1.000000e+00
   5 5.4295040240e-08  -4.55e-07  1.98e-05    1.999953e+00  -1.380291e+00

After 5 iterations the fit converged.
final sum of squares of residuals : 5.4295e-08
rel. change during last iteration : -4.55329e-12

degrees of freedom    (FIT_NDF)                        : 8
rms of residuals      (FIT_STDFIT) = sqrt(WSSR/ndf)    : 8.23825e-05
variance of residuals (reduced chisquare) = WSSR/ndf   : 6.78688e-09

Final set of parameters            Asymptotic Standard Error
=======================            ==========================
a2              = 1.99995          +/- 3.013e-05    (0.001507%)
b2              = -1.38029         +/- 7.862e-05    (0.005696%)

correlation matrix of the fit parameters:
                a2     b2     
a2              1.000 
b2              0.943  1.000 


*******************************************************************************
Tue Mar 31 15:32:58 2020


FIT:    data read from "derivative_test.dat" using ($1):($4)
        format = x:z
        x range restricted to [-2.00000 : -1.00000]
        #datapoints = 3
        residuals are weighted equally (unit weight)

function used for fitting: f3(x)
	f3(x) = a3*x + b3
fitted parameters initialized with current variable values

iter      chisq       delta/lim  lambda   a3            b3           
   0 2.5061897462e+02   0.00e+00  1.23e+00    1.000000e+00   1.000000e+00
   5 2.2300388151e-08  -2.23e-04  1.23e-05    4.000657e+00  -3.884553e+00

After 5 iterations the fit converged.
final sum of squares of residuals : 2.23004e-08
rel. change during last iteration : -2.22964e-09

degrees of freedom    (FIT_NDF)                        : 1
rms of residuals      (FIT_STDFIT) = sqrt(WSSR/ndf)    : 0.000149333
variance of residuals (reduced chisquare) = WSSR/ndf   : 2.23004e-08

Final set of parameters            Asymptotic Standard Error
=======================            ==========================
a3              = 4.00066          +/- 0.0003508    (0.008768%)
b3              = -3.88455         +/- 0.0005014    (0.01291%)

correlation matrix of the fit parameters:
                a3     b3     
a3              1.000 
b3              0.985  1.000 


*******************************************************************************
Tue Mar 31 15:32:58 2020


FIT:    data read from "derivative_test.dat" using ($1):($5)
        format = x:z
        x range restricted to [-1.40000 : 0.00000]
        #datapoints = 4
        residuals are weighted equally (unit weight)

function used for fitting: f4(x)
	f4(x) = a4*x + b4
fitted parameters initialized with current variable values

iter      chisq       delta/lim  lambda   a4            b4           
   0 5.4895111998e+02   0.00e+00  8.78e-01    1.000000e+00   1.000000e+00
   4 2.6422705684e-06  -1.20e-01  8.78e-05    6.001361e+00  -7.314074e+00

After 4 iterations the fit converged.
final sum of squares of residuals : 2.64227e-06
rel. change during last iteration : -1.20357e-06

degrees of freedom    (FIT_NDF)                        : 2
rms of residuals      (FIT_STDFIT) = sqrt(WSSR/ndf)    : 0.00114941
variance of residuals (reduced chisquare) = WSSR/ndf   : 1.32114e-06

Final set of parameters            Asymptotic Standard Error
=======================            ==========================
a4              = 6.00136          +/- 0.001708     (0.02845%)
b4              = -7.31407         +/- 0.001258     (0.01721%)

correlation matrix of the fit parameters:
                a4     b4     
a4              1.000 
b4              0.890  1.000 
