1. under: 0.5 over: 2
2. under: 0.25 over: 4
3. under: 0.125 over: 8
4. under: 0.0625 over: 16
5. under: 0.03125 over: 32
6. under: 0.015625 over: 64
7. under: 0.0078125 over: 128
8. under: 0.00390625 over: 256
9. under: 0.00195312 over: 512
10. under: 0.000976562 over: 1024
11. under: 0.000488281 over: 2048
12. under: 0.000244141 over: 4096
13. under: 0.00012207 over: 8192
14. under: 6.10352e-05 over: 16384
15. under: 3.05176e-05 over: 32768
16. under: 1.52588e-05 over: 65536
17. under: 7.62939e-06 over: 131072
18. under: 3.8147e-06 over: 262144
19. under: 1.90735e-06 over: 524288
20. under: 9.53674e-07 over: 1.04858e+06
21. under: 4.76837e-07 over: 2.09715e+06
22. under: 2.38419e-07 over: 4.1943e+06
23. under: 1.19209e-07 over: 8.38861e+06
24. under: 5.96046e-08 over: 1.67772e+07
25. under: 2.98023e-08 over: 3.35544e+07
26. under: 1.49012e-08 over: 6.71089e+07
27. under: 7.45058e-09 over: 1.34218e+08
28. under: 3.72529e-09 over: 2.68435e+08
29. under: 1.86265e-09 over: 5.36871e+08
30. under: 9.31323e-10 over: 1.07374e+09
31. under: 4.65661e-10 over: 2.14748e+09
32. under: 2.32831e-10 over: 4.29497e+09
33. under: 1.16415e-10 over: 8.58993e+09
34. under: 5.82077e-11 over: 1.71799e+10
35. under: 2.91038e-11 over: 3.43597e+10
36. under: 1.45519e-11 over: 6.87195e+10
37. under: 7.27596e-12 over: 1.37439e+11
38. under: 3.63798e-12 over: 2.74878e+11
39. under: 1.81899e-12 over: 5.49756e+11
40. under: 9.09495e-13 over: 1.09951e+12
41. under: 4.54747e-13 over: 2.19902e+12
42. under: 2.27374e-13 over: 4.39805e+12
43. under: 1.13687e-13 over: 8.79609e+12
44. under: 5.68434e-14 over: 1.75922e+13
45. under: 2.84217e-14 over: 3.51844e+13
46. under: 1.42109e-14 over: 7.03687e+13
47. under: 7.10543e-15 over: 1.40737e+14
48. under: 3.55271e-15 over: 2.81475e+14
49. under: 1.77636e-15 over: 5.6295e+14
50. under: 8.88178e-16 over: 1.1259e+15
51. under: 4.44089e-16 over: 2.2518e+15
52. under: 2.22045e-16 over: 4.5036e+15
53. under: 1.11022e-16 over: 9.0072e+15
54. under: 5.55112e-17 over: 1.80144e+16
55. under: 2.77556e-17 over: 3.60288e+16
56. under: 1.38778e-17 over: 7.20576e+16
57. under: 6.93889e-18 over: 1.44115e+17
58. under: 3.46945e-18 over: 2.8823e+17
59. under: 1.73472e-18 over: 5.76461e+17
60. under: 8.67362e-19 over: 1.15292e+18
61. under: 4.33681e-19 over: 2.30584e+18
62. under: 2.1684e-19 over: 4.61169e+18
63. under: 1.0842e-19 over: 9.22337e+18
64. under: 5.42101e-20 over: 1.84467e+19
65. under: 2.71051e-20 over: 3.68935e+19
66. under: 1.35525e-20 over: 7.3787e+19
67. under: 6.77626e-21 over: 1.47574e+20
68. under: 3.38813e-21 over: 2.95148e+20
69. under: 1.69407e-21 over: 5.90296e+20
70. under: 8.47033e-22 over: 1.18059e+21
71. under: 4.23516e-22 over: 2.36118e+21
72. under: 2.11758e-22 over: 4.72237e+21
73. under: 1.05879e-22 over: 9.44473e+21
74. under: 5.29396e-23 over: 1.88895e+22
75. under: 2.64698e-23 over: 3.77789e+22
76. under: 1.32349e-23 over: 7.55579e+22
77. under: 6.61744e-24 over: 1.51116e+23
78. under: 3.30872e-24 over: 3.02231e+23
79. under: 1.65436e-24 over: 6.04463e+23
80. under: 8.27181e-25 over: 1.20893e+24
81. under: 4.1359e-25 over: 2.41785e+24
82. under: 2.06795e-25 over: 4.8357e+24
83. under: 1.03398e-25 over: 9.67141e+24
84. under: 5.16988e-26 over: 1.93428e+25
85. under: 2.58494e-26 over: 3.86856e+25
86. under: 1.29247e-26 over: 7.73713e+25
87. under: 6.46235e-27 over: 1.54743e+26
88. under: 3.23117e-27 over: 3.09485e+26
89. under: 1.61559e-27 over: 6.1897e+26
90. under: 8.07794e-28 over: 1.23794e+27
91. under: 4.03897e-28 over: 2.47588e+27
92. under: 2.01948e-28 over: 4.95176e+27
93. under: 1.00974e-28 over: 9.90352e+27
94. under: 5.04871e-29 over: 1.9807e+28
95. under: 2.52435e-29 over: 3.96141e+28
96. under: 1.26218e-29 over: 7.92282e+28
97. under: 6.31089e-30 over: 1.58456e+29
98. under: 3.15544e-30 over: 3.16913e+29
99. under: 1.57772e-30 over: 6.33825e+29
100. under: 7.88861e-31 over: 1.26765e+30
101. under: 3.9443e-31 over: 2.5353e+30
102. under: 1.97215e-31 over: 5.0706e+30
103. under: 9.86076e-32 over: 1.01412e+31
104. under: 4.93038e-32 over: 2.02824e+31
105. under: 2.46519e-32 over: 4.05648e+31
106. under: 1.2326e-32 over: 8.11296e+31
107. under: 6.16298e-33 over: 1.62259e+32
108. under: 3.08149e-33 over: 3.24519e+32
109. under: 1.54074e-33 over: 6.49037e+32
110. under: 7.70372e-34 over: 1.29807e+33
111. under: 3.85186e-34 over: 2.59615e+33
112. under: 1.92593e-34 over: 5.1923e+33
113. under: 9.62965e-35 over: 1.03846e+34
114. under: 4.81482e-35 over: 2.07692e+34
115. under: 2.40741e-35 over: 4.15384e+34
116. under: 1.20371e-35 over: 8.30767e+34
117. under: 6.01853e-36 over: 1.66153e+35
118. under: 3.00927e-36 over: 3.32307e+35
119. under: 1.50463e-36 over: 6.64614e+35
120. under: 7.52316e-37 over: 1.32923e+36
121. under: 3.76158e-37 over: 2.65846e+36
122. under: 1.88079e-37 over: 5.31691e+36
123. under: 9.40395e-38 over: 1.06338e+37
124. under: 4.70198e-38 over: 2.12676e+37
125. under: 2.35099e-38 over: 4.25353e+37
126. under: 1.17549e-38 over: 8.50706e+37
127. under: 5.87747e-39 over: 1.70141e+38
128. under: 2.93874e-39 over: inf
129. under: 1.46937e-39 over: inf
130. under: 7.34684e-40 over: inf
131. under: 3.67342e-40 over: inf
132. under: 1.83671e-40 over: inf
133. under: 9.18355e-41 over: inf
134. under: 4.59177e-41 over: inf
135. under: 2.29589e-41 over: inf
136. under: 1.14794e-41 over: inf
137. under: 5.73972e-42 over: inf
138. under: 2.86986e-42 over: inf
139. under: 1.43493e-42 over: inf
140. under: 7.17465e-43 over: inf
141. under: 3.58732e-43 over: inf
142. under: 1.79366e-43 over: inf
143. under: 8.96831e-44 over: inf
144. under: 4.48416e-44 over: inf
145. under: 2.24208e-44 over: inf
146. under: 1.12104e-44 over: inf
147. under: 5.60519e-45 over: inf
148. under: 2.8026e-45 over: inf
149. under: 1.4013e-45 over: inf
150. under: 0 over: inf
151. under: 0 over: inf
152. under: 0 over: inf
153. under: 0 over: inf
154. under: 0 over: inf
155. under: 0 over: inf
156. under: 0 over: inf
157. under: 0 over: inf
158. under: 0 over: inf
159. under: 0 over: inf
160. under: 0 over: inf
161. under: 0 over: inf
162. under: 0 over: inf
163. under: 0 over: inf
164. under: 0 over: inf
165. under: 0 over: inf
166. under: 0 over: inf
167. under: 0 over: inf
168. under: 0 over: inf
169. under: 0 over: inf
170. under: 0 over: inf
171. under: 0 over: inf
172. under: 0 over: inf
173. under: 0 over: inf
174. under: 0 over: inf
175. under: 0 over: inf
176. under: 0 over: inf
177. under: 0 over: inf
178. under: 0 over: inf
179. under: 0 over: inf
180. under: 0 over: inf
181. under: 0 over: inf
182. under: 0 over: inf
183. under: 0 over: inf
184. under: 0 over: inf
185. under: 0 over: inf
186. under: 0 over: inf
187. under: 0 over: inf
188. under: 0 over: inf
189. under: 0 over: inf
190. under: 0 over: inf
191. under: 0 over: inf
192. under: 0 over: inf
193. under: 0 over: inf
194. under: 0 over: inf
195. under: 0 over: inf
196. under: 0 over: inf
197. under: 0 over: inf
198. under: 0 over: inf
199. under: 0 over: inf
200. under: 0 over: inf
