

*******************************************************************************
Mon Feb 24 18:48:50 2020


FIT:    data read from "diffeq_test_h.dat" using (($1)):((abs(($3-$5)/$5)))
        format = x:z
        x range restricted to [1.00000e-05 : 1.00000]
        #datapoints = 17
        residuals are weighted equally (unit weight)

function used for fitting: f1(x)
	f1(x) = b1 * x**a1
fitted parameters initialized with current variable values

iter      chisq       delta/lim  lambda   a1            b1           
   0 9.7961189911e-01   0.00e+00  2.23e-01    1.000000e+00   1.000000e+00
   7 9.6709931146e-07  -1.75e-10  2.23e+02    2.499346e+00   1.756092e-01

After 7 iterations the fit converged.
final sum of squares of residuals : 9.67099e-07
rel. change during last iteration : -1.7517e-15

degrees of freedom    (FIT_NDF)                        : 15
rms of residuals      (FIT_STDFIT) = sqrt(WSSR/ndf)    : 0.000253916
variance of residuals (reduced chisquare) = WSSR/ndf   : 6.44733e-08

Final set of parameters            Asymptotic Standard Error
=======================            ==========================
a1              = 2.49935          +/- 0.01126      (0.4504%)
b1              = 0.175609         +/- 0.0002538    (0.1445%)

correlation matrix of the fit parameters:
                a1     b1     
a1              1.000 
b1              0.174  1.000 


*******************************************************************************
Mon Feb 24 18:50:42 2020


FIT:    data read from "diffeq_test_h.dat" using (($1)):((abs(($3-$5)/$5)))
        format = x:z
        x range restricted to [0.00100000 : 0.100000]
        #datapoints = 6
        residuals are weighted equally (unit weight)

function used for fitting: f1(x)
	f1(x) = b1 * x**a1
fitted parameters initialized with current variable values

iter      chisq       delta/lim  lambda   a1            b1           
   0 5.1587033803e-03   0.00e+00  6.65e-02    1.000000e+00   1.000000e+00
  10 6.2830324604e-14  -9.33e-03  6.65e-12    2.030504e+00   9.482405e-02

After 10 iterations the fit converged.
final sum of squares of residuals : 6.28303e-14
rel. change during last iteration : -9.32666e-08

degrees of freedom    (FIT_NDF)                        : 4
rms of residuals      (FIT_STDFIT) = sqrt(WSSR/ndf)    : 1.2533e-07
variance of residuals (reduced chisquare) = WSSR/ndf   : 1.57076e-14

Final set of parameters            Asymptotic Standard Error
=======================            ==========================
a1              = 2.0305           +/- 0.001991     (0.09806%)
b1              = 0.0948241        +/- 0.0005314    (0.5604%)

correlation matrix of the fit parameters:
                a1     b1     
a1              1.000 
b1              0.998  1.000 


*******************************************************************************
Mon Feb 24 18:52:18 2020


FIT:    data read from "diffeq_test_h.dat" using (($1)):((abs(($3-$5)/$5)))
        format = x:z
        x range restricted to [0.000100000 : 0.100000]
        #datapoints = 10
        residuals are weighted equally (unit weight)

function used for fitting: f1(x)
	f1(x) = b1 * x**a1
fitted parameters initialized with current variable values

iter      chisq       delta/lim  lambda   a1            b1           
   0 5.1599698016e-03   0.00e+00  5.16e-02    1.000000e+00   1.000000e+00
  10 6.2874597380e-14  -6.11e-03  5.16e-12    2.030504e+00   9.482391e-02

After 10 iterations the fit converged.
final sum of squares of residuals : 6.28746e-14
rel. change during last iteration : -6.11236e-08

degrees of freedom    (FIT_NDF)                        : 8
rms of residuals      (FIT_STDFIT) = sqrt(WSSR/ndf)    : 8.86528e-08
variance of residuals (reduced chisquare) = WSSR/ndf   : 7.85932e-15

Final set of parameters            Asymptotic Standard Error
=======================            ==========================
a1              = 2.0305           +/- 0.001408     (0.06936%)
b1              = 0.0948239        +/- 0.0003759    (0.3964%)

correlation matrix of the fit parameters:
                a1     b1     
a1              1.000 
b1              0.998  1.000 


*******************************************************************************
Mon Feb 24 18:54:26 2020


FIT:    data read from "diffeq_test_h.dat" using (($1)):((abs(($3-$5)/$5)))
        format = x:z
        x range restricted to [0.000100000 : 0.100000]
        #datapoints = 10
        residuals are weighted equally (unit weight)

function used for fitting: f1(x)
	f1(x) = b1 * x**a1
fitted parameters initialized with current variable values

iter      chisq       delta/lim  lambda   a1            b1           
   0 5.1599698016e-03   0.00e+00  5.16e-02    1.000000e+00   1.000000e+00
  10 6.2874597380e-14  -6.11e-03  5.16e-12    2.030504e+00   9.482391e-02

After 10 iterations the fit converged.
final sum of squares of residuals : 6.28746e-14
rel. change during last iteration : -6.11236e-08

degrees of freedom    (FIT_NDF)                        : 8
rms of residuals      (FIT_STDFIT) = sqrt(WSSR/ndf)    : 8.86528e-08
variance of residuals (reduced chisquare) = WSSR/ndf   : 7.85932e-15

Final set of parameters            Asymptotic Standard Error
=======================            ==========================
a1              = 2.0305           +/- 0.001408     (0.06936%)
b1              = 0.0948239        +/- 0.0003759    (0.3964%)

correlation matrix of the fit parameters:
                a1     b1     
a1              1.000 
b1              0.998  1.000 


*******************************************************************************
Mon Feb 24 18:54:44 2020


FIT:    data read from "diffeq_test_h.dat" using (($1)):((abs(($3-$5)/$5)))
        format = x:z
        x range restricted to [0.000100000 : 0.100000]
        #datapoints = 10
        residuals are weighted equally (unit weight)

function used for fitting: f1(x)
	f1(x) = b1 * x**a1
fitted parameters initialized with current variable values

iter      chisq       delta/lim  lambda   a1            b1           
   0 5.1599698016e-03   0.00e+00  5.16e-02    1.000000e+00   1.000000e+00
  10 6.2874597380e-14  -6.11e-03  5.16e-12    2.030504e+00   9.482391e-02

After 10 iterations the fit converged.
final sum of squares of residuals : 6.28746e-14
rel. change during last iteration : -6.11236e-08

degrees of freedom    (FIT_NDF)                        : 8
rms of residuals      (FIT_STDFIT) = sqrt(WSSR/ndf)    : 8.86528e-08
variance of residuals (reduced chisquare) = WSSR/ndf   : 7.85932e-15

Final set of parameters            Asymptotic Standard Error
=======================            ==========================
a1              = 2.0305           +/- 0.001408     (0.06936%)
b1              = 0.0948239        +/- 0.0003759    (0.3964%)

correlation matrix of the fit parameters:
                a1     b1     
a1              1.000 
b1              0.998  1.000 


*******************************************************************************
Mon Feb 24 18:56:02 2020


FIT:    data read from "diffeq_test_h.dat" using (($1)):((abs(($3-$5)/$5)))
        format = x:z
        x range restricted to [0.000100000 : 0.100000]
        #datapoints = 10
        residuals are weighted equally (unit weight)

function used for fitting: f1(x)
	f1(x) = b1 * x**a1
fitted parameters initialized with current variable values

iter      chisq       delta/lim  lambda   a1            b1           
   0 5.1599698016e-03   0.00e+00  5.16e-02    1.000000e+00   1.000000e+00
  10 6.2874597380e-14  -6.11e-03  5.16e-12    2.030504e+00   9.482391e-02

After 10 iterations the fit converged.
final sum of squares of residuals : 6.28746e-14
rel. change during last iteration : -6.11236e-08

degrees of freedom    (FIT_NDF)                        : 8
rms of residuals      (FIT_STDFIT) = sqrt(WSSR/ndf)    : 8.86528e-08
variance of residuals (reduced chisquare) = WSSR/ndf   : 7.85932e-15

Final set of parameters            Asymptotic Standard Error
=======================            ==========================
a1              = 2.0305           +/- 0.001408     (0.06936%)
b1              = 0.0948239        +/- 0.0003759    (0.3964%)

correlation matrix of the fit parameters:
                a1     b1     
a1              1.000 
b1              0.998  1.000 


*******************************************************************************
Mon Feb 24 18:57:15 2020


FIT:    data read from "diffeq_test_h.dat" using (($1)):((abs(($3-$5)/$5)))
        format = x:z
        x range restricted to [0.000100000 : 0.100000]
        #datapoints = 10
        residuals are weighted equally (unit weight)

function used for fitting: f1(x)
	f1(x) = b1 * x**a1
fitted parameters initialized with current variable values

iter      chisq       delta/lim  lambda   a1            b1           
   0 5.1599698016e-03   0.00e+00  5.16e-02    1.000000e+00   1.000000e+00
  10 6.2874597380e-14  -6.11e-03  5.16e-12    2.030504e+00   9.482391e-02

After 10 iterations the fit converged.
final sum of squares of residuals : 6.28746e-14
rel. change during last iteration : -6.11236e-08

degrees of freedom    (FIT_NDF)                        : 8
rms of residuals      (FIT_STDFIT) = sqrt(WSSR/ndf)    : 8.86528e-08
variance of residuals (reduced chisquare) = WSSR/ndf   : 7.85932e-15

Final set of parameters            Asymptotic Standard Error
=======================            ==========================
a1              = 2.0305           +/- 0.001408     (0.06936%)
b1              = 0.0948239        +/- 0.0003759    (0.3964%)

correlation matrix of the fit parameters:
                a1     b1     
a1              1.000 
b1              0.998  1.000 


*******************************************************************************
Mon Feb 24 19:00:04 2020


FIT:    data read from "diffeq_test_h.dat" using (($1)):((abs(($3-$5)/$5)))
        format = x:z
        x range restricted to [0.000100000 : 0.100000]
        #datapoints = 10
        residuals are weighted equally (unit weight)

function used for fitting: f1(x)
	f1(x) = b1 * x**a1
fitted parameters initialized with current variable values

iter      chisq       delta/lim  lambda   a1            b1           
   0 5.1599698016e-03   0.00e+00  5.16e-02    1.000000e+00   1.000000e+00
  10 6.2874597380e-14  -6.11e-03  5.16e-12    2.030504e+00   9.482391e-02

After 10 iterations the fit converged.
final sum of squares of residuals : 6.28746e-14
rel. change during last iteration : -6.11236e-08

degrees of freedom    (FIT_NDF)                        : 8
rms of residuals      (FIT_STDFIT) = sqrt(WSSR/ndf)    : 8.86528e-08
variance of residuals (reduced chisquare) = WSSR/ndf   : 7.85932e-15

Final set of parameters            Asymptotic Standard Error
=======================            ==========================
a1              = 2.0305           +/- 0.001408     (0.06936%)
b1              = 0.0948239        +/- 0.0003759    (0.3964%)

correlation matrix of the fit parameters:
                a1     b1     
a1              1.000 
b1              0.998  1.000 


*******************************************************************************
Mon Feb 24 19:01:03 2020


FIT:    data read from "diffeq_test_h.dat" using (($1)):((abs(($3-$5)/$5)))
        format = x:z
        x range restricted to [0.000100000 : 0.100000]
        #datapoints = 10
        residuals are weighted equally (unit weight)

function used for fitting: f1(x)
	f1(x) = b1 * x**a1
fitted parameters initialized with current variable values

iter      chisq       delta/lim  lambda   a1            b1           
   0 5.1599698016e-03   0.00e+00  5.16e-02    1.000000e+00   1.000000e+00
  10 6.2874597380e-14  -6.11e-03  5.16e-12    2.030504e+00   9.482391e-02

After 10 iterations the fit converged.
final sum of squares of residuals : 6.28746e-14
rel. change during last iteration : -6.11236e-08

degrees of freedom    (FIT_NDF)                        : 8
rms of residuals      (FIT_STDFIT) = sqrt(WSSR/ndf)    : 8.86528e-08
variance of residuals (reduced chisquare) = WSSR/ndf   : 7.85932e-15

Final set of parameters            Asymptotic Standard Error
=======================            ==========================
a1              = 2.0305           +/- 0.001408     (0.06936%)
b1              = 0.0948239        +/- 0.0003759    (0.3964%)

correlation matrix of the fit parameters:
                a1     b1     
a1              1.000 
b1              0.998  1.000 


*******************************************************************************
Mon Feb 24 19:02:34 2020


FIT:    data read from "diffeq_test_h.dat" using (($1)):((abs(($3-$5)/$5)))
        format = x:z
        x range restricted to [0.000100000 : 0.100000]
        #datapoints = 10
        residuals are weighted equally (unit weight)

function used for fitting: f1(x)
	f1(x) = (b1) * (x**a1)
fitted parameters initialized with current variable values

iter      chisq       delta/lim  lambda   a1            b1           
   0 5.1599698016e-03   0.00e+00  5.16e-02    1.000000e+00   1.000000e+00
  10 6.2874597380e-14  -6.11e-03  5.16e-12    2.030504e+00   9.482391e-02

After 10 iterations the fit converged.
final sum of squares of residuals : 6.28746e-14
rel. change during last iteration : -6.11236e-08

degrees of freedom    (FIT_NDF)                        : 8
rms of residuals      (FIT_STDFIT) = sqrt(WSSR/ndf)    : 8.86528e-08
variance of residuals (reduced chisquare) = WSSR/ndf   : 7.85932e-15

Final set of parameters            Asymptotic Standard Error
=======================            ==========================
a1              = 2.0305           +/- 0.001408     (0.06936%)
b1              = 0.0948239        +/- 0.0003759    (0.3964%)

correlation matrix of the fit parameters:
                a1     b1     
a1              1.000 
b1              0.998  1.000 


*******************************************************************************
Mon Feb 24 19:05:58 2020


FIT:    data read from "diffeq_test_h.dat" using (($1)):((abs(($3-$5)/$5)))
        format = x:z
        x range restricted to [0.000100000 : 0.100000]
        #datapoints = 10
        residuals are weighted equally (unit weight)

function used for fitting: f1(x)
	f1(x) = (b1) * (x**a1)
fitted parameters initialized with current variable values

iter      chisq       delta/lim  lambda   a1            b1           
   0 5.1599698016e-03   0.00e+00  5.16e-02    1.000000e+00   1.000000e+00
  10 6.2874597380e-14  -6.11e-03  5.16e-12    2.030504e+00   9.482391e-02

After 10 iterations the fit converged.
final sum of squares of residuals : 6.28746e-14
rel. change during last iteration : -6.11236e-08

degrees of freedom    (FIT_NDF)                        : 8
rms of residuals      (FIT_STDFIT) = sqrt(WSSR/ndf)    : 8.86528e-08
variance of residuals (reduced chisquare) = WSSR/ndf   : 7.85932e-15

Final set of parameters            Asymptotic Standard Error
=======================            ==========================
a1              = 2.0305           +/- 0.001408     (0.06936%)
b1              = 0.0948239        +/- 0.0003759    (0.3964%)

correlation matrix of the fit parameters:
                a1     b1     
a1              1.000 
b1              0.998  1.000 
