      P matrix      
 0.000000  0.000000
 0.000000  0.000000


********************************* Iteration  1 *********************************

     F matrix                   F' matrix      
-2.652745 -1.347205         -1.538667  0.515839
-1.347205 -1.731828          0.515839 -2.439733

     C matrix                   C' matrix      
 0.929147  0.625857         -0.413630 -0.910445
 0.139833 -1.111511          0.910445 -0.413630

                    P matrix                     
                1.726627  0.259851               
                0.259851  0.039107               

Electronic Energy    =  0.00000000000
Total Energy         =  1.36686714051
Delta (Convergence of the density matrix) = 8.828669e-01

********************************* Iteration  2 *********************************

     F matrix                   F' matrix      
-1.390415 -0.973201         -0.170136  0.362710
-0.973201 -0.742875          0.362710 -1.406043

     C matrix                   C' matrix      
 0.816763  0.766752         -0.262282 -0.964991
 0.316261 -1.074704          0.964991 -0.262282

                    P matrix                     
                1.334203  0.516621               
                0.516621  0.200042               

Electronic Energy    = -4.14186287613
Total Energy         = -2.77499573562
Delta (Convergence of the density matrix) = 2.791763e-01

********************************* Iteration  3 *********************************

     F matrix                   F' matrix      
-1.451398 -1.043399         -0.152938  0.362970
-1.043399 -0.803395          0.362970 -1.496306

     C matrix                   C' matrix      
 0.803088  0.781063         -0.245191 -0.969475
 0.335200 -1.068949          0.969475 -0.245191

                    P matrix                     
                1.289902  0.538390               
                0.538390  0.224717               

Electronic Energy    = -4.22649189913
Total Energy         = -2.85962475862
Delta (Convergence of the density matrix) = 2.966178e-02

********************************* Iteration  4 *********************************

     F matrix                   F' matrix      
-1.458075 -1.050043         -0.152893  0.363034
-1.050043 -0.809958          0.363034 -1.505448

     C matrix                   C' matrix      
 0.802005  0.782175         -0.243847 -0.969814
 0.336681 -1.068483          0.969814 -0.243847

                    P matrix                     
                1.286425  0.540039               
                0.540039  0.226708               

Electronic Energy    = -4.22752292534
Total Energy         = -2.86065578483
Delta (Convergence of the density matrix) = 2.318285e-03

********************************* Iteration  5 *********************************

     F matrix                   F' matrix      
-1.458597 -1.050554         -0.152906  0.363039
-1.050554 -0.810471          0.363039 -1.506157

     C matrix                   C' matrix      
 0.801924  0.782259         -0.243746 -0.969839
 0.336792 -1.068448          0.969839 -0.243746

                    P matrix                     
                1.286163  0.540163               
                0.540163  0.226858               

Electronic Energy    = -4.22752926810
Total Energy         = -2.86066212759
Delta (Convergence of the density matrix) = 1.743977e-04

********************************* Iteration  6 *********************************

     F matrix                   F' matrix      
-1.458636 -1.050592         -0.152907  0.363039
-1.050592 -0.810509          0.363039 -1.506210

     C matrix                   C' matrix      
 0.801917  0.782265         -0.243738 -0.969841
 0.336801 -1.068446          0.969841 -0.243738

                    P matrix                     
                1.286143  0.540172               
                0.540172  0.226869               

Electronic Energy    = -4.22752930401
Total Energy         = -2.86066216350
Delta (Convergence of the density matrix) = 1.307951e-05
                           CALCULATION CONVERGED!!!!                            
                                    OMG!!!!!                                    
_________________________ Final Values (atomic units) __________________________
                               MO             Energy                            
                              1  Occ=2  -1.597448                               
                              2  Occ=0  -0.061668                               

Electronic Energy  = -4.22752930401
Total Energy       = -2.86066216350
